CRITICAL - 2023-09-22 01:19:10 --> Undefined variable $id
in APPPATH\Controllers\Home.php on line 38.
 1 APPPATH\Controllers\Home.php(38): CodeIgniter\Debug\Exceptions->errorHandler(2, 'Undefined variable $id', 'D:\\laragon\\www\\Crud\\app\\Controllers\\Home.php', 38)
 2 SYSTEMPATH\CodeIgniter.php(919): App\Controllers\Home->home()
 3 SYSTEMPATH\CodeIgniter.php(494): CodeIgniter\CodeIgniter->runController(Object(App\Controllers\Home))
 4 SYSTEMPATH\CodeIgniter.php(353): CodeIgniter\CodeIgniter->handleRequest(null, Object(Config\Cache), false)
 5 FCPATH\index.php(79): CodeIgniter\CodeIgniter->run()
 6 SYSTEMPATH\Commands\Server\rewrite.php(47): require_once('D:\\laragon\\www\\Crud\\public\\index.php')
CRITICAL - 2023-09-22 02:43:00 --> Undefined variable $id
in APPPATH\Controllers\Home.php on line 44.
 1 APPPATH\Controllers\Home.php(44): CodeIgniter\Debug\Exceptions->errorHandler(2, 'Undefined variable $id', 'D:\\laragon\\www\\Crud\\app\\Controllers\\Home.php', 44)
 2 SYSTEMPATH\CodeIgniter.php(919): App\Controllers\Home->catego()
 3 SYSTEMPATH\CodeIgniter.php(494): CodeIgniter\CodeIgniter->runController(Object(App\Controllers\Home))
 4 SYSTEMPATH\CodeIgniter.php(353): CodeIgniter\CodeIgniter->handleRequest(null, Object(Config\Cache), false)
 5 FCPATH\index.php(79): CodeIgniter\CodeIgniter->run()
 6 SYSTEMPATH\Commands\Server\rewrite.php(47): require_once('D:\\laragon\\www\\Crud\\public\\index.php')
CRITICAL - 2023-09-22 02:43:27 --> Undefined variable $id
in APPPATH\Controllers\Home.php on line 44.
 1 APPPATH\Controllers\Home.php(44): CodeIgniter\Debug\Exceptions->errorHandler(2, 'Undefined variable $id', 'D:\\laragon\\www\\Crud\\app\\Controllers\\Home.php', 44)
 2 SYSTEMPATH\CodeIgniter.php(919): App\Controllers\Home->catego()
 3 SYSTEMPATH\CodeIgniter.php(494): CodeIgniter\CodeIgniter->runController(Object(App\Controllers\Home))
 4 SYSTEMPATH\CodeIgniter.php(353): CodeIgniter\CodeIgniter->handleRequest(null, Object(Config\Cache), false)
 5 FCPATH\index.php(79): CodeIgniter\CodeIgniter->run()
 6 SYSTEMPATH\Commands\Server\rewrite.php(47): require_once('D:\\laragon\\www\\Crud\\public\\index.php')
CRITICAL - 2023-09-22 02:43:40 --> Undefined variable $id
in APPPATH\Controllers\Home.php on line 45.
 1 APPPATH\Controllers\Home.php(45): CodeIgniter\Debug\Exceptions->errorHandler(2, 'Undefined variable $id', 'D:\\laragon\\www\\Crud\\app\\Controllers\\Home.php', 45)
 2 SYSTEMPATH\CodeIgniter.php(919): App\Controllers\Home->catego()
 3 SYSTEMPATH\CodeIgniter.php(494): CodeIgniter\CodeIgniter->runController(Object(App\Controllers\Home))
 4 SYSTEMPATH\CodeIgniter.php(353): CodeIgniter\CodeIgniter->handleRequest(null, Object(Config\Cache), false)
 5 FCPATH\index.php(79): CodeIgniter\CodeIgniter->run()
 6 SYSTEMPATH\Commands\Server\rewrite.php(47): require_once('D:\\laragon\\www\\Crud\\public\\index.php')
CRITICAL - 2023-09-22 02:44:35 --> Undefined array key "ProductCategory"
in APPPATH\Views\catego.php on line 14.
 1 APPPATH\Views\catego.php(14): CodeIgniter\Debug\Exceptions->errorHandler(2, 'Undefined array key "ProductCategory"', 'D:\\laragon\\www\\Crud\\app\\Views\\catego.php', 14)
 2 SYSTEMPATH\View\View.php(226): include('D:\\laragon\\www\\Crud\\app\\Views\\catego.php')
 3 SYSTEMPATH\View\View.php(229): CodeIgniter\View\View->CodeIgniter\View\{closure}()
 4 SYSTEMPATH\Common.php(1188): CodeIgniter\View\View->render('/catego', [], true)
 5 APPPATH\Controllers\Home.php(53): view('/catego', [...])
 6 SYSTEMPATH\CodeIgniter.php(919): App\Controllers\Home->catego()
 7 SYSTEMPATH\CodeIgniter.php(494): CodeIgniter\CodeIgniter->runController(Object(App\Controllers\Home))
 8 SYSTEMPATH\CodeIgniter.php(353): CodeIgniter\CodeIgniter->handleRequest(null, Object(Config\Cache), false)
 9 FCPATH\index.php(79): CodeIgniter\CodeIgniter->run()
10 SYSTEMPATH\Commands\Server\rewrite.php(47): require_once('D:\\laragon\\www\\Crud\\public\\index.php')
CRITICAL - 2023-09-22 02:59:57 --> syntax error, unexpected token "return", expecting "function" or "const"
in APPPATH\Controllers\Home.php on line 35.
 1 SYSTEMPATH\Autoloader\Autoloader.php(285): CodeIgniter\Autoloader\Autoloader->includeFile('D:\\laragon\\www\\Crud\\app\\Controllers\\Home.php')
 2 SYSTEMPATH\Autoloader\Autoloader.php(263): CodeIgniter\Autoloader\Autoloader->loadInNamespace('App\\Controllers\\Home')
 3 [internal function]: CodeIgniter\Autoloader\Autoloader->loadClass('App\\Controllers\\Home')
 4 SYSTEMPATH\CodeIgniter.php(877): class_exists('\\App\\Controllers\\Home', true)
 5 SYSTEMPATH\CodeIgniter.php(481): CodeIgniter\CodeIgniter->startController()
 6 SYSTEMPATH\CodeIgniter.php(353): CodeIgniter\CodeIgniter->handleRequest(null, Object(Config\Cache), false)
 7 FCPATH\index.php(79): CodeIgniter\CodeIgniter->run()
 8 SYSTEMPATH\Commands\Server\rewrite.php(47): require_once('D:\\laragon\\www\\Crud\\public\\index.php')
CRITICAL - 2023-09-22 03:00:42 --> Updates are not allowed unless they contain a "where" or "like" clause.
in SYSTEMPATH\Model.php on line 380.
 1 SYSTEMPATH\BaseModel.php(949): CodeIgniter\Model->doUpdate(null, [...])
 2 SYSTEMPATH\Model.php(776): CodeIgniter\BaseModel->update(null, [...])
 3 APPPATH\Controllers\Home.php(22): CodeIgniter\Model->update(null, [...])
 4 SYSTEMPATH\CodeIgniter.php(919): App\Controllers\Home->homes()
 5 SYSTEMPATH\CodeIgniter.php(494): CodeIgniter\CodeIgniter->runController(Object(App\Controllers\Home))
 6 SYSTEMPATH\CodeIgniter.php(353): CodeIgniter\CodeIgniter->handleRequest(null, Object(Config\Cache), false)
 7 FCPATH\index.php(79): CodeIgniter\CodeIgniter->run()
 8 SYSTEMPATH\Commands\Server\rewrite.php(47): require_once('D:\\laragon\\www\\Crud\\public\\index.php')
CRITICAL - 2023-09-22 03:00:42 --> Updates are not allowed unless they contain a "where" or "like" clause.
in SYSTEMPATH\Model.php on line 380.
 1 SYSTEMPATH\BaseModel.php(949): CodeIgniter\Model->doUpdate(null, [...])
 2 SYSTEMPATH\Model.php(776): CodeIgniter\BaseModel->update(null, [...])
 3 APPPATH\Controllers\Home.php(22): CodeIgniter\Model->update(null, [...])
 4 SYSTEMPATH\CodeIgniter.php(919): App\Controllers\Home->homes()
 5 SYSTEMPATH\CodeIgniter.php(494): CodeIgniter\CodeIgniter->runController(Object(App\Controllers\Home))
 6 SYSTEMPATH\CodeIgniter.php(353): CodeIgniter\CodeIgniter->handleRequest(null, Object(Config\Cache), false)
 7 FCPATH\index.php(79): CodeIgniter\CodeIgniter->run()
 8 SYSTEMPATH\Commands\Server\rewrite.php(47): require_once('D:\\laragon\\www\\Crud\\public\\index.php')
CRITICAL - 2023-09-22 03:03:04 --> Undefined variable $ProductCategory
in APPPATH\Controllers\Home.php on line 15.
 1 APPPATH\Controllers\Home.php(15): CodeIgniter\Debug\Exceptions->errorHandler(2, 'Undefined variable $ProductCategory', 'D:\\laragon\\www\\Crud\\app\\Controllers\\Home.php', 15)
 2 SYSTEMPATH\CodeIgniter.php(919): App\Controllers\Home->homes()
 3 SYSTEMPATH\CodeIgniter.php(494): CodeIgniter\CodeIgniter->runController(Object(App\Controllers\Home))
 4 SYSTEMPATH\CodeIgniter.php(353): CodeIgniter\CodeIgniter->handleRequest(null, Object(Config\Cache), false)
 5 FCPATH\index.php(79): CodeIgniter\CodeIgniter->run()
 6 SYSTEMPATH\Commands\Server\rewrite.php(47): require_once('D:\\laragon\\www\\Crud\\public\\index.php')
CRITICAL - 2023-09-22 03:03:20 --> CodeIgniter\BaseModel::findAll(): Argument #1 ($limit) must be of type int, null given, called in D:\laragon\www\Crud\app\Controllers\Home.php on line 15
in SYSTEMPATH\BaseModel.php on line 607.
 1 APPPATH\Controllers\Home.php(15): CodeIgniter\BaseModel->findAll(null)
 2 SYSTEMPATH\CodeIgniter.php(919): App\Controllers\Home->homes()
 3 SYSTEMPATH\CodeIgniter.php(494): CodeIgniter\CodeIgniter->runController(Object(App\Controllers\Home))
 4 SYSTEMPATH\CodeIgniter.php(353): CodeIgniter\CodeIgniter->handleRequest(null, Object(Config\Cache), false)
 5 FCPATH\index.php(79): CodeIgniter\CodeIgniter->run()
 6 SYSTEMPATH\Commands\Server\rewrite.php(47): require_once('D:\\laragon\\www\\Crud\\public\\index.php')
ERROR - 2023-09-22 04:41:30 --> Error connecting to the database: mysqli_sql_exception: No connection could be made because the target machine actively refused it in D:\laragon\www\Crud\system\Database\MySQLi\Connection.php:185
Stack trace:
#0 D:\laragon\www\Crud\system\Database\MySQLi\Connection.php(185): mysqli->real_connect('localhost', 'root', '', 'productionmodel', 3306, '', 0)
#1 D:\laragon\www\Crud\system\Database\BaseConnection.php(391): CodeIgniter\Database\MySQLi\Connection->connect(false)
#2 D:\laragon\www\Crud\system\Database\BaseConnection.php(574): CodeIgniter\Database\BaseConnection->initialize()
#3 D:\laragon\www\Crud\system\Database\BaseBuilder.php(2308): CodeIgniter\Database\BaseConnection->query('INSERT INTO `tb...', Array, false)
#4 D:\laragon\www\Crud\system\Model.php(319): CodeIgniter\Database\BaseBuilder->insert()
#5 D:\laragon\www\Crud\system\BaseModel.php(788): CodeIgniter\Model->doInsert(Array)
#6 D:\laragon\www\Crud\system\Model.php(715): CodeIgniter\BaseModel->insert(Array, false)
#7 D:\laragon\www\Crud\system\BaseModel.php(698): CodeIgniter\Model->insert(Array, false)
#8 D:\laragon\www\Crud\app\Controllers\Home.php(102): CodeIgniter\BaseModel->save(Array)
#9 D:\laragon\www\Crud\system\CodeIgniter.php(919): App\Controllers\Home->actioninsert()
#10 D:\laragon\www\Crud\system\CodeIgniter.php(494): CodeIgniter\CodeIgniter->runController(Object(App\Controllers\Home))
#11 D:\laragon\www\Crud\system\CodeIgniter.php(353): CodeIgniter\CodeIgniter->handleRequest(NULL, Object(Config\Cache), false)
#12 D:\laragon\www\Crud\public\index.php(79): CodeIgniter\CodeIgniter->run()
#13 D:\laragon\www\Crud\system\Commands\Server\rewrite.php(47): require_once('D:\\laragon\\www\\...')
#14 {main}

Next CodeIgniter\Database\Exceptions\DatabaseException: No connection could be made because the target machine actively refused it in D:\laragon\www\Crud\system\Database\MySQLi\Connection.php:229
Stack trace:
#0 D:\laragon\www\Crud\system\Database\BaseConnection.php(391): CodeIgniter\Database\MySQLi\Connection->connect(false)
#1 D:\laragon\www\Crud\system\Database\BaseConnection.php(574): CodeIgniter\Database\BaseConnection->initialize()
#2 D:\laragon\www\Crud\system\Database\BaseBuilder.php(2308): CodeIgniter\Database\BaseConnection->query('INSERT INTO `tb...', Array, false)
#3 D:\laragon\www\Crud\system\Model.php(319): CodeIgniter\Database\BaseBuilder->insert()
#4 D:\laragon\www\Crud\system\BaseModel.php(788): CodeIgniter\Model->doInsert(Array)
#5 D:\laragon\www\Crud\system\Model.php(715): CodeIgniter\BaseModel->insert(Array, false)
#6 D:\laragon\www\Crud\system\BaseModel.php(698): CodeIgniter\Model->insert(Array, false)
#7 D:\laragon\www\Crud\app\Controllers\Home.php(102): CodeIgniter\BaseModel->save(Array)
#8 D:\laragon\www\Crud\system\CodeIgniter.php(919): App\Controllers\Home->actioninsert()
#9 D:\laragon\www\Crud\system\CodeIgniter.php(494): CodeIgniter\CodeIgniter->runController(Object(App\Controllers\Home))
#10 D:\laragon\www\Crud\system\CodeIgniter.php(353): CodeIgniter\CodeIgniter->handleRequest(NULL, Object(Config\Cache), false)
#11 D:\laragon\www\Crud\public\index.php(79): CodeIgniter\CodeIgniter->run()
#12 D:\laragon\www\Crud\system\Commands\Server\rewrite.php(47): require_once('D:\\laragon\\www\\...')
#13 {main}
CRITICAL - 2023-09-22 04:41:30 --> Unable to connect to the database.
Main connection [MySQLi]: No connection could be made because the target machine actively refused it
in SYSTEMPATH\Database\BaseConnection.php on line 427.
 1 SYSTEMPATH\Database\BaseConnection.php(574): CodeIgniter\Database\BaseConnection->initialize()
 2 SYSTEMPATH\Database\BaseBuilder.php(2308): CodeIgniter\Database\BaseConnection->query('INSERT INTO `tblproducts` (`ProductName`, `ProductDescription`, `ProductCategory`, `Price`, `Quantity`) VALUES (:ProductName:, :ProductDescription:, :ProductCategory:, :Price:, :Quantity:)', [...], false)
 3 SYSTEMPATH\Model.php(319): CodeIgniter\Database\BaseBuilder->insert()
 4 SYSTEMPATH\BaseModel.php(788): CodeIgniter\Model->doInsert([...])
 5 SYSTEMPATH\Model.php(715): CodeIgniter\BaseModel->insert([...], false)
 6 SYSTEMPATH\BaseModel.php(698): CodeIgniter\Model->insert([...], false)
 7 APPPATH\Controllers\Home.php(102): CodeIgniter\BaseModel->save([...])
 8 SYSTEMPATH\CodeIgniter.php(919): App\Controllers\Home->actioninsert()
 9 SYSTEMPATH\CodeIgniter.php(494): CodeIgniter\CodeIgniter->runController(Object(App\Controllers\Home))
10 SYSTEMPATH\CodeIgniter.php(353): CodeIgniter\CodeIgniter->handleRequest(null, Object(Config\Cache), false)
11 FCPATH\index.php(79): CodeIgniter\CodeIgniter->run()
12 SYSTEMPATH\Commands\Server\rewrite.php(47): require_once('D:\\laragon\\www\\Crud\\public\\index.php')
ERROR - 2023-09-22 04:42:05 --> Error connecting to the database: mysqli_sql_exception: No connection could be made because the target machine actively refused it in D:\laragon\www\Crud\system\Database\MySQLi\Connection.php:185
Stack trace:
#0 D:\laragon\www\Crud\system\Database\MySQLi\Connection.php(185): mysqli->real_connect('localhost', 'root', '', 'productionmodel', 3306, '', 0)
#1 D:\laragon\www\Crud\system\Database\BaseConnection.php(391): CodeIgniter\Database\MySQLi\Connection->connect(false)
#2 D:\laragon\www\Crud\system\Database\BaseConnection.php(574): CodeIgniter\Database\BaseConnection->initialize()
#3 D:\laragon\www\Crud\system\Database\BaseBuilder.php(2308): CodeIgniter\Database\BaseConnection->query('INSERT INTO `tb...', Array, false)
#4 D:\laragon\www\Crud\system\Model.php(319): CodeIgniter\Database\BaseBuilder->insert()
#5 D:\laragon\www\Crud\system\BaseModel.php(788): CodeIgniter\Model->doInsert(Array)
#6 D:\laragon\www\Crud\system\Model.php(715): CodeIgniter\BaseModel->insert(Array, false)
#7 D:\laragon\www\Crud\system\BaseModel.php(698): CodeIgniter\Model->insert(Array, false)
#8 D:\laragon\www\Crud\app\Controllers\Home.php(102): CodeIgniter\BaseModel->save(Array)
#9 D:\laragon\www\Crud\system\CodeIgniter.php(919): App\Controllers\Home->actioninsert()
#10 D:\laragon\www\Crud\system\CodeIgniter.php(494): CodeIgniter\CodeIgniter->runController(Object(App\Controllers\Home))
#11 D:\laragon\www\Crud\system\CodeIgniter.php(353): CodeIgniter\CodeIgniter->handleRequest(NULL, Object(Config\Cache), false)
#12 D:\laragon\www\Crud\public\index.php(79): CodeIgniter\CodeIgniter->run()
#13 D:\laragon\www\Crud\system\Commands\Server\rewrite.php(47): require_once('D:\\laragon\\www\\...')
#14 {main}

Next CodeIgniter\Database\Exceptions\DatabaseException: No connection could be made because the target machine actively refused it in D:\laragon\www\Crud\system\Database\MySQLi\Connection.php:229
Stack trace:
#0 D:\laragon\www\Crud\system\Database\BaseConnection.php(391): CodeIgniter\Database\MySQLi\Connection->connect(false)
#1 D:\laragon\www\Crud\system\Database\BaseConnection.php(574): CodeIgniter\Database\BaseConnection->initialize()
#2 D:\laragon\www\Crud\system\Database\BaseBuilder.php(2308): CodeIgniter\Database\BaseConnection->query('INSERT INTO `tb...', Array, false)
#3 D:\laragon\www\Crud\system\Model.php(319): CodeIgniter\Database\BaseBuilder->insert()
#4 D:\laragon\www\Crud\system\BaseModel.php(788): CodeIgniter\Model->doInsert(Array)
#5 D:\laragon\www\Crud\system\Model.php(715): CodeIgniter\BaseModel->insert(Array, false)
#6 D:\laragon\www\Crud\system\BaseModel.php(698): CodeIgniter\Model->insert(Array, false)
#7 D:\laragon\www\Crud\app\Controllers\Home.php(102): CodeIgniter\BaseModel->save(Array)
#8 D:\laragon\www\Crud\system\CodeIgniter.php(919): App\Controllers\Home->actioninsert()
#9 D:\laragon\www\Crud\system\CodeIgniter.php(494): CodeIgniter\CodeIgniter->runController(Object(App\Controllers\Home))
#10 D:\laragon\www\Crud\system\CodeIgniter.php(353): CodeIgniter\CodeIgniter->handleRequest(NULL, Object(Config\Cache), false)
#11 D:\laragon\www\Crud\public\index.php(79): CodeIgniter\CodeIgniter->run()
#12 D:\laragon\www\Crud\system\Commands\Server\rewrite.php(47): require_once('D:\\laragon\\www\\...')
#13 {main}
CRITICAL - 2023-09-22 04:42:05 --> Unable to connect to the database.
Main connection [MySQLi]: No connection could be made because the target machine actively refused it
in SYSTEMPATH\Database\BaseConnection.php on line 427.
 1 SYSTEMPATH\Database\BaseConnection.php(574): CodeIgniter\Database\BaseConnection->initialize()
 2 SYSTEMPATH\Database\BaseBuilder.php(2308): CodeIgniter\Database\BaseConnection->query('INSERT INTO `tblproducts` (`ProductName`, `ProductDescription`, `ProductCategory`, `Price`, `Quantity`) VALUES (:ProductName:, :ProductDescription:, :ProductCategory:, :Price:, :Quantity:)', [...], false)
 3 SYSTEMPATH\Model.php(319): CodeIgniter\Database\BaseBuilder->insert()
 4 SYSTEMPATH\BaseModel.php(788): CodeIgniter\Model->doInsert([...])
 5 SYSTEMPATH\Model.php(715): CodeIgniter\BaseModel->insert([...], false)
 6 SYSTEMPATH\BaseModel.php(698): CodeIgniter\Model->insert([...], false)
 7 APPPATH\Controllers\Home.php(102): CodeIgniter\BaseModel->save([...])
 8 SYSTEMPATH\CodeIgniter.php(919): App\Controllers\Home->actioninsert()
 9 SYSTEMPATH\CodeIgniter.php(494): CodeIgniter\CodeIgniter->runController(Object(App\Controllers\Home))
10 SYSTEMPATH\CodeIgniter.php(353): CodeIgniter\CodeIgniter->handleRequest(null, Object(Config\Cache), false)
11 FCPATH\index.php(79): CodeIgniter\CodeIgniter->run()
12 SYSTEMPATH\Commands\Server\rewrite.php(47): require_once('D:\\laragon\\www\\Crud\\public\\index.php')
CRITICAL - 2023-09-22 04:42:43 --> Undefined variable $id
in APPPATH\Controllers\Home.php on line 38.
 1 APPPATH\Controllers\Home.php(38): CodeIgniter\Debug\Exceptions->errorHandler(2, 'Undefined variable $id', 'D:\\laragon\\www\\Crud\\app\\Controllers\\Home.php', 38)
 2 SYSTEMPATH\CodeIgniter.php(919): App\Controllers\Home->home()
 3 SYSTEMPATH\CodeIgniter.php(494): CodeIgniter\CodeIgniter->runController(Object(App\Controllers\Home))
 4 SYSTEMPATH\CodeIgniter.php(353): CodeIgniter\CodeIgniter->handleRequest(null, Object(Config\Cache), false)
 5 FCPATH\index.php(79): CodeIgniter\CodeIgniter->run()
 6 SYSTEMPATH\Commands\Server\rewrite.php(47): require_once('D:\\laragon\\www\\Crud\\public\\index.php')
ERROR - 2023-09-22 05:27:03 --> mysqli_sql_exception: Table 'productionmodel.tblproducts' doesn't exist in D:\laragon\www\Crud\system\Database\MySQLi\Connection.php:306
Stack trace:
#0 D:\laragon\www\Crud\system\Database\MySQLi\Connection.php(306): mysqli->query('SELECT `Product...', 0)
#1 D:\laragon\www\Crud\system\Database\BaseConnection.php(692): CodeIgniter\Database\MySQLi\Connection->execute('SELECT `Product...')
#2 D:\laragon\www\Crud\system\Database\BaseConnection.php(606): CodeIgniter\Database\BaseConnection->simpleQuery('SELECT `Product...')
#3 D:\laragon\www\Crud\system\Database\BaseBuilder.php(1615): CodeIgniter\Database\BaseConnection->query('SELECT `Product...', Array, false)
#4 D:\laragon\www\Crud\system\Model.php(237): CodeIgniter\Database\BaseBuilder->get()
#5 D:\laragon\www\Crud\system\BaseModel.php(624): CodeIgniter\Model->doFindAll(0, 0)
#6 D:\laragon\www\Crud\app\Controllers\Home.php(44): CodeIgniter\BaseModel->findAll()
#7 D:\laragon\www\Crud\system\CodeIgniter.php(919): App\Controllers\Home->catego()
#8 D:\laragon\www\Crud\system\CodeIgniter.php(494): CodeIgniter\CodeIgniter->runController(Object(App\Controllers\Home))
#9 D:\laragon\www\Crud\system\CodeIgniter.php(353): CodeIgniter\CodeIgniter->handleRequest(NULL, Object(Config\Cache), false)
#10 D:\laragon\www\Crud\public\index.php(79): CodeIgniter\CodeIgniter->run()
#11 D:\laragon\www\Crud\system\Commands\Server\rewrite.php(47): require_once('D:\\laragon\\www\\...')
#12 {main}
CRITICAL - 2023-09-22 05:27:03 --> Table 'productionmodel.tblproducts' doesn't exist
in SYSTEMPATH\Database\BaseConnection.php on line 646.
 1 SYSTEMPATH\Database\BaseBuilder.php(1615): CodeIgniter\Database\BaseConnection->query('SELECT `ProductCategory`
FROM `tblproducts`', [], false)
 2 SYSTEMPATH\Model.php(237): CodeIgniter\Database\BaseBuilder->get()
 3 SYSTEMPATH\BaseModel.php(624): CodeIgniter\Model->doFindAll(0, 0)
 4 APPPATH\Controllers\Home.php(44): CodeIgniter\BaseModel->findAll()
 5 SYSTEMPATH\CodeIgniter.php(919): App\Controllers\Home->catego()
 6 SYSTEMPATH\CodeIgniter.php(494): CodeIgniter\CodeIgniter->runController(Object(App\Controllers\Home))
 7 SYSTEMPATH\CodeIgniter.php(353): CodeIgniter\CodeIgniter->handleRequest(null, Object(Config\Cache), false)
 8 FCPATH\index.php(79): CodeIgniter\CodeIgniter->run()
 9 SYSTEMPATH\Commands\Server\rewrite.php(47): require_once('D:\\laragon\\www\\Crud\\public\\index.php')
ERROR - 2023-09-22 05:34:10 --> mysqli_sql_exception: Cannot add or update a child row: a foreign key constraint fails (`productionmodel`.`table_prod`, CONSTRAINT `table_prod_ibfk_1` FOREIGN KEY (`ProductCategory`) REFERENCES `table_category` (`id`) ON DELETE RESTRICT ON UPDATE RESTRICT) in D:\laragon\www\Crud\system\Database\MySQLi\Connection.php:306
Stack trace:
#0 D:\laragon\www\Crud\system\Database\MySQLi\Connection.php(306): mysqli->query('INSERT INTO `ta...', 0)
#1 D:\laragon\www\Crud\system\Database\BaseConnection.php(692): CodeIgniter\Database\MySQLi\Connection->execute('INSERT INTO `ta...')
#2 D:\laragon\www\Crud\system\Database\BaseConnection.php(606): CodeIgniter\Database\BaseConnection->simpleQuery('INSERT INTO `ta...')
#3 D:\laragon\www\Crud\system\Database\BaseBuilder.php(2308): CodeIgniter\Database\BaseConnection->query('INSERT INTO `ta...', Array, false)
#4 D:\laragon\www\Crud\system\Model.php(319): CodeIgniter\Database\BaseBuilder->insert()
#5 D:\laragon\www\Crud\system\BaseModel.php(788): CodeIgniter\Model->doInsert(Array)
#6 D:\laragon\www\Crud\system\Model.php(715): CodeIgniter\BaseModel->insert(Array, false)
#7 D:\laragon\www\Crud\system\BaseModel.php(698): CodeIgniter\Model->insert(Array, false)
#8 D:\laragon\www\Crud\app\Controllers\Home.php(102): CodeIgniter\BaseModel->save(Array)
#9 D:\laragon\www\Crud\system\CodeIgniter.php(919): App\Controllers\Home->actioninsert()
#10 D:\laragon\www\Crud\system\CodeIgniter.php(494): CodeIgniter\CodeIgniter->runController(Object(App\Controllers\Home))
#11 D:\laragon\www\Crud\system\CodeIgniter.php(353): CodeIgniter\CodeIgniter->handleRequest(NULL, Object(Config\Cache), false)
#12 D:\laragon\www\Crud\public\index.php(79): CodeIgniter\CodeIgniter->run()
#13 D:\laragon\www\Crud\system\Commands\Server\rewrite.php(47): require_once('D:\\laragon\\www\\...')
#14 {main}
CRITICAL - 2023-09-22 05:34:10 --> Cannot add or update a child row: a foreign key constraint fails (`productionmodel`.`table_prod`, CONSTRAINT `table_prod_ibfk_1` FOREIGN KEY (`ProductCategory`) REFERENCES `table_category` (`id`) ON DELETE RESTRICT ON UPDATE RESTRICT)
in SYSTEMPATH\Database\BaseConnection.php on line 646.
 1 SYSTEMPATH\Database\BaseBuilder.php(2308): CodeIgniter\Database\BaseConnection->query('INSERT INTO `table_prod` (`ProductName`, `ProductDescription`, `ProductCategory`, `Price`, `Quantity`) VALUES (:ProductName:, :ProductDescription:, :ProductCategory:, :Price:, :Quantity:)', [...], false)
 2 SYSTEMPATH\Model.php(319): CodeIgniter\Database\BaseBuilder->insert()
 3 SYSTEMPATH\BaseModel.php(788): CodeIgniter\Model->doInsert([...])
 4 SYSTEMPATH\Model.php(715): CodeIgniter\BaseModel->insert([...], false)
 5 SYSTEMPATH\BaseModel.php(698): CodeIgniter\Model->insert([...], false)
 6 APPPATH\Controllers\Home.php(102): CodeIgniter\BaseModel->save([...])
 7 SYSTEMPATH\CodeIgniter.php(919): App\Controllers\Home->actioninsert()
 8 SYSTEMPATH\CodeIgniter.php(494): CodeIgniter\CodeIgniter->runController(Object(App\Controllers\Home))
 9 SYSTEMPATH\CodeIgniter.php(353): CodeIgniter\CodeIgniter->handleRequest(null, Object(Config\Cache), false)
10 FCPATH\index.php(79): CodeIgniter\CodeIgniter->run()
11 SYSTEMPATH\Commands\Server\rewrite.php(47): require_once('D:\\laragon\\www\\Crud\\public\\index.php')
ERROR - 2023-09-22 05:38:05 --> mysqli_sql_exception: Cannot add or update a child row: a foreign key constraint fails (`productionmodel`.`table_prod`, CONSTRAINT `table_prod_ibfk_1` FOREIGN KEY (`ProductCategory`) REFERENCES `table_category` (`id`) ON DELETE RESTRICT ON UPDATE RESTRICT) in D:\laragon\www\Crud\system\Database\MySQLi\Connection.php:306
Stack trace:
#0 D:\laragon\www\Crud\system\Database\MySQLi\Connection.php(306): mysqli->query('INSERT INTO `ta...', 0)
#1 D:\laragon\www\Crud\system\Database\BaseConnection.php(692): CodeIgniter\Database\MySQLi\Connection->execute('INSERT INTO `ta...')
#2 D:\laragon\www\Crud\system\Database\BaseConnection.php(606): CodeIgniter\Database\BaseConnection->simpleQuery('INSERT INTO `ta...')
#3 D:\laragon\www\Crud\system\Database\BaseBuilder.php(2308): CodeIgniter\Database\BaseConnection->query('INSERT INTO `ta...', Array, false)
#4 D:\laragon\www\Crud\system\Model.php(319): CodeIgniter\Database\BaseBuilder->insert()
#5 D:\laragon\www\Crud\system\BaseModel.php(788): CodeIgniter\Model->doInsert(Array)
#6 D:\laragon\www\Crud\system\Model.php(715): CodeIgniter\BaseModel->insert(Array, false)
#7 D:\laragon\www\Crud\system\BaseModel.php(698): CodeIgniter\Model->insert(Array, false)
#8 D:\laragon\www\Crud\app\Controllers\Home.php(102): CodeIgniter\BaseModel->save(Array)
#9 D:\laragon\www\Crud\system\CodeIgniter.php(919): App\Controllers\Home->actioninsert()
#10 D:\laragon\www\Crud\system\CodeIgniter.php(494): CodeIgniter\CodeIgniter->runController(Object(App\Controllers\Home))
#11 D:\laragon\www\Crud\system\CodeIgniter.php(353): CodeIgniter\CodeIgniter->handleRequest(NULL, Object(Config\Cache), false)
#12 D:\laragon\www\Crud\public\index.php(79): CodeIgniter\CodeIgniter->run()
#13 D:\laragon\www\Crud\system\Commands\Server\rewrite.php(47): require_once('D:\\laragon\\www\\...')
#14 {main}
CRITICAL - 2023-09-22 05:38:05 --> Cannot add or update a child row: a foreign key constraint fails (`productionmodel`.`table_prod`, CONSTRAINT `table_prod_ibfk_1` FOREIGN KEY (`ProductCategory`) REFERENCES `table_category` (`id`) ON DELETE RESTRICT ON UPDATE RESTRICT)
in SYSTEMPATH\Database\BaseConnection.php on line 646.
 1 SYSTEMPATH\Database\BaseBuilder.php(2308): CodeIgniter\Database\BaseConnection->query('INSERT INTO `table_prod` (`ProductName`, `ProductDescription`, `Price`, `Quantity`) VALUES (:ProductName:, :ProductDescription:, :Price:, :Quantity:)', [...], false)
 2 SYSTEMPATH\Model.php(319): CodeIgniter\Database\BaseBuilder->insert()
 3 SYSTEMPATH\BaseModel.php(788): CodeIgniter\Model->doInsert([...])
 4 SYSTEMPATH\Model.php(715): CodeIgniter\BaseModel->insert([...], false)
 5 SYSTEMPATH\BaseModel.php(698): CodeIgniter\Model->insert([...], false)
 6 APPPATH\Controllers\Home.php(102): CodeIgniter\BaseModel->save([...])
 7 SYSTEMPATH\CodeIgniter.php(919): App\Controllers\Home->actioninsert()
 8 SYSTEMPATH\CodeIgniter.php(494): CodeIgniter\CodeIgniter->runController(Object(App\Controllers\Home))
 9 SYSTEMPATH\CodeIgniter.php(353): CodeIgniter\CodeIgniter->handleRequest(null, Object(Config\Cache), false)
10 FCPATH\index.php(79): CodeIgniter\CodeIgniter->run()
11 SYSTEMPATH\Commands\Server\rewrite.php(47): require_once('D:\\laragon\\www\\Crud\\public\\index.php')
ERROR - 2023-09-22 05:47:19 --> mysqli_sql_exception: Cannot add or update a child row: a foreign key constraint fails (`productionmodel`.`table_prod`, CONSTRAINT `table_prod_ibfk_1` FOREIGN KEY (`ProductCategory`) REFERENCES `table_category` (`id`) ON DELETE RESTRICT ON UPDATE RESTRICT) in D:\laragon\www\Crud\system\Database\MySQLi\Connection.php:306
Stack trace:
#0 D:\laragon\www\Crud\system\Database\MySQLi\Connection.php(306): mysqli->query('INSERT INTO `ta...', 0)
#1 D:\laragon\www\Crud\system\Database\BaseConnection.php(692): CodeIgniter\Database\MySQLi\Connection->execute('INSERT INTO `ta...')
#2 D:\laragon\www\Crud\system\Database\BaseConnection.php(606): CodeIgniter\Database\BaseConnection->simpleQuery('INSERT INTO `ta...')
#3 D:\laragon\www\Crud\system\Database\BaseBuilder.php(2308): CodeIgniter\Database\BaseConnection->query('INSERT INTO `ta...', Array, false)
#4 D:\laragon\www\Crud\system\Model.php(319): CodeIgniter\Database\BaseBuilder->insert()
#5 D:\laragon\www\Crud\system\BaseModel.php(788): CodeIgniter\Model->doInsert(Array)
#6 D:\laragon\www\Crud\system\Model.php(715): CodeIgniter\BaseModel->insert(Array, false)
#7 D:\laragon\www\Crud\system\BaseModel.php(698): CodeIgniter\Model->insert(Array, false)
#8 D:\laragon\www\Crud\app\Controllers\Home.php(102): CodeIgniter\BaseModel->save(Array)
#9 D:\laragon\www\Crud\system\CodeIgniter.php(919): App\Controllers\Home->actioninsert()
#10 D:\laragon\www\Crud\system\CodeIgniter.php(494): CodeIgniter\CodeIgniter->runController(Object(App\Controllers\Home))
#11 D:\laragon\www\Crud\system\CodeIgniter.php(353): CodeIgniter\CodeIgniter->handleRequest(NULL, Object(Config\Cache), false)
#12 D:\laragon\www\Crud\public\index.php(79): CodeIgniter\CodeIgniter->run()
#13 D:\laragon\www\Crud\system\Commands\Server\rewrite.php(47): require_once('D:\\laragon\\www\\...')
#14 {main}
CRITICAL - 2023-09-22 05:47:19 --> Cannot add or update a child row: a foreign key constraint fails (`productionmodel`.`table_prod`, CONSTRAINT `table_prod_ibfk_1` FOREIGN KEY (`ProductCategory`) REFERENCES `table_category` (`id`) ON DELETE RESTRICT ON UPDATE RESTRICT)
in SYSTEMPATH\Database\BaseConnection.php on line 646.
 1 SYSTEMPATH\Database\BaseBuilder.php(2308): CodeIgniter\Database\BaseConnection->query('INSERT INTO `table_prod` (`ProductName`, `ProductDescription`, `ProductCategory`, `Price`, `Quantity`) VALUES (:ProductName:, :ProductDescription:, :ProductCategory:, :Price:, :Quantity:)', [...], false)
 2 SYSTEMPATH\Model.php(319): CodeIgniter\Database\BaseBuilder->insert()
 3 SYSTEMPATH\BaseModel.php(788): CodeIgniter\Model->doInsert([...])
 4 SYSTEMPATH\Model.php(715): CodeIgniter\BaseModel->insert([...], false)
 5 SYSTEMPATH\BaseModel.php(698): CodeIgniter\Model->insert([...], false)
 6 APPPATH\Controllers\Home.php(102): CodeIgniter\BaseModel->save([...])
 7 SYSTEMPATH\CodeIgniter.php(919): App\Controllers\Home->actioninsert()
 8 SYSTEMPATH\CodeIgniter.php(494): CodeIgniter\CodeIgniter->runController(Object(App\Controllers\Home))
 9 SYSTEMPATH\CodeIgniter.php(353): CodeIgniter\CodeIgniter->handleRequest(null, Object(Config\Cache), false)
10 FCPATH\index.php(79): CodeIgniter\CodeIgniter->run()
11 SYSTEMPATH\Commands\Server\rewrite.php(47): require_once('D:\\laragon\\www\\Crud\\public\\index.php')
ERROR - 2023-09-22 05:48:11 --> mysqli_sql_exception: Cannot add or update a child row: a foreign key constraint fails (`productionmodel`.`table_prod`, CONSTRAINT `table_prod_ibfk_1` FOREIGN KEY (`ProductCategory`) REFERENCES `table_category` (`id`) ON DELETE RESTRICT ON UPDATE RESTRICT) in D:\laragon\www\Crud\system\Database\MySQLi\Connection.php:306
Stack trace:
#0 D:\laragon\www\Crud\system\Database\MySQLi\Connection.php(306): mysqli->query('INSERT INTO `ta...', 0)
#1 D:\laragon\www\Crud\system\Database\BaseConnection.php(692): CodeIgniter\Database\MySQLi\Connection->execute('INSERT INTO `ta...')
#2 D:\laragon\www\Crud\system\Database\BaseConnection.php(606): CodeIgniter\Database\BaseConnection->simpleQuery('INSERT INTO `ta...')
#3 D:\laragon\www\Crud\system\Database\BaseBuilder.php(2308): CodeIgniter\Database\BaseConnection->query('INSERT INTO `ta...', Array, false)
#4 D:\laragon\www\Crud\system\Model.php(319): CodeIgniter\Database\BaseBuilder->insert()
#5 D:\laragon\www\Crud\system\BaseModel.php(788): CodeIgniter\Model->doInsert(Array)
#6 D:\laragon\www\Crud\system\Model.php(715): CodeIgniter\BaseModel->insert(Array, false)
#7 D:\laragon\www\Crud\system\BaseModel.php(698): CodeIgniter\Model->insert(Array, false)
#8 D:\laragon\www\Crud\app\Controllers\Home.php(102): CodeIgniter\BaseModel->save(Array)
#9 D:\laragon\www\Crud\system\CodeIgniter.php(919): App\Controllers\Home->actioninsert()
#10 D:\laragon\www\Crud\system\CodeIgniter.php(494): CodeIgniter\CodeIgniter->runController(Object(App\Controllers\Home))
#11 D:\laragon\www\Crud\system\CodeIgniter.php(353): CodeIgniter\CodeIgniter->handleRequest(NULL, Object(Config\Cache), false)
#12 D:\laragon\www\Crud\public\index.php(79): CodeIgniter\CodeIgniter->run()
#13 D:\laragon\www\Crud\system\Commands\Server\rewrite.php(47): require_once('D:\\laragon\\www\\...')
#14 {main}
CRITICAL - 2023-09-22 05:48:11 --> Cannot add or update a child row: a foreign key constraint fails (`productionmodel`.`table_prod`, CONSTRAINT `table_prod_ibfk_1` FOREIGN KEY (`ProductCategory`) REFERENCES `table_category` (`id`) ON DELETE RESTRICT ON UPDATE RESTRICT)
in SYSTEMPATH\Database\BaseConnection.php on line 646.
 1 SYSTEMPATH\Database\BaseBuilder.php(2308): CodeIgniter\Database\BaseConnection->query('INSERT INTO `table_prod` (`ProductName`, `ProductDescription`, `ProductCategory`, `Price`, `Quantity`) VALUES (:ProductName:, :ProductDescription:, :ProductCategory:, :Price:, :Quantity:)', [...], false)
 2 SYSTEMPATH\Model.php(319): CodeIgniter\Database\BaseBuilder->insert()
 3 SYSTEMPATH\BaseModel.php(788): CodeIgniter\Model->doInsert([...])
 4 SYSTEMPATH\Model.php(715): CodeIgniter\BaseModel->insert([...], false)
 5 SYSTEMPATH\BaseModel.php(698): CodeIgniter\Model->insert([...], false)
 6 APPPATH\Controllers\Home.php(102): CodeIgniter\BaseModel->save([...])
 7 SYSTEMPATH\CodeIgniter.php(919): App\Controllers\Home->actioninsert()
 8 SYSTEMPATH\CodeIgniter.php(494): CodeIgniter\CodeIgniter->runController(Object(App\Controllers\Home))
 9 SYSTEMPATH\CodeIgniter.php(353): CodeIgniter\CodeIgniter->handleRequest(null, Object(Config\Cache), false)
10 FCPATH\index.php(79): CodeIgniter\CodeIgniter->run()
11 SYSTEMPATH\Commands\Server\rewrite.php(47): require_once('D:\\laragon\\www\\Crud\\public\\index.php')
ERROR - 2023-09-22 05:50:57 --> mysqli_sql_exception: Cannot add or update a child row: a foreign key constraint fails (`productionmodel`.`table_prod`, CONSTRAINT `table_prod_ibfk_1` FOREIGN KEY (`ProductCategory`) REFERENCES `table_category` (`id`) ON DELETE RESTRICT ON UPDATE RESTRICT) in D:\laragon\www\Crud\system\Database\MySQLi\Connection.php:306
Stack trace:
#0 D:\laragon\www\Crud\system\Database\MySQLi\Connection.php(306): mysqli->query('INSERT INTO `ta...', 0)
#1 D:\laragon\www\Crud\system\Database\BaseConnection.php(692): CodeIgniter\Database\MySQLi\Connection->execute('INSERT INTO `ta...')
#2 D:\laragon\www\Crud\system\Database\BaseConnection.php(606): CodeIgniter\Database\BaseConnection->simpleQuery('INSERT INTO `ta...')
#3 D:\laragon\www\Crud\system\Database\BaseBuilder.php(2308): CodeIgniter\Database\BaseConnection->query('INSERT INTO `ta...', Array, false)
#4 D:\laragon\www\Crud\system\Model.php(319): CodeIgniter\Database\BaseBuilder->insert()
#5 D:\laragon\www\Crud\system\BaseModel.php(788): CodeIgniter\Model->doInsert(Array)
#6 D:\laragon\www\Crud\system\Model.php(715): CodeIgniter\BaseModel->insert(Array, false)
#7 D:\laragon\www\Crud\system\BaseModel.php(698): CodeIgniter\Model->insert(Array, false)
#8 D:\laragon\www\Crud\app\Controllers\Home.php(102): CodeIgniter\BaseModel->save(Array)
#9 D:\laragon\www\Crud\system\CodeIgniter.php(919): App\Controllers\Home->actioninsert()
#10 D:\laragon\www\Crud\system\CodeIgniter.php(494): CodeIgniter\CodeIgniter->runController(Object(App\Controllers\Home))
#11 D:\laragon\www\Crud\system\CodeIgniter.php(353): CodeIgniter\CodeIgniter->handleRequest(NULL, Object(Config\Cache), false)
#12 D:\laragon\www\Crud\public\index.php(79): CodeIgniter\CodeIgniter->run()
#13 D:\laragon\www\Crud\system\Commands\Server\rewrite.php(47): require_once('D:\\laragon\\www\\...')
#14 {main}
CRITICAL - 2023-09-22 05:50:57 --> Cannot add or update a child row: a foreign key constraint fails (`productionmodel`.`table_prod`, CONSTRAINT `table_prod_ibfk_1` FOREIGN KEY (`ProductCategory`) REFERENCES `table_category` (`id`) ON DELETE RESTRICT ON UPDATE RESTRICT)
in SYSTEMPATH\Database\BaseConnection.php on line 646.
 1 SYSTEMPATH\Database\BaseBuilder.php(2308): CodeIgniter\Database\BaseConnection->query('INSERT INTO `table_prod` (`ProductName`, `ProductDescription`, `ProductCategory`, `Price`, `Quantity`) VALUES (:ProductName:, :ProductDescription:, :ProductCategory:, :Price:, :Quantity:)', [...], false)
 2 SYSTEMPATH\Model.php(319): CodeIgniter\Database\BaseBuilder->insert()
 3 SYSTEMPATH\BaseModel.php(788): CodeIgniter\Model->doInsert([...])
 4 SYSTEMPATH\Model.php(715): CodeIgniter\BaseModel->insert([...], false)
 5 SYSTEMPATH\BaseModel.php(698): CodeIgniter\Model->insert([...], false)
 6 APPPATH\Controllers\Home.php(102): CodeIgniter\BaseModel->save([...])
 7 SYSTEMPATH\CodeIgniter.php(919): App\Controllers\Home->actioninsert()
 8 SYSTEMPATH\CodeIgniter.php(494): CodeIgniter\CodeIgniter->runController(Object(App\Controllers\Home))
 9 SYSTEMPATH\CodeIgniter.php(353): CodeIgniter\CodeIgniter->handleRequest(null, Object(Config\Cache), false)
10 FCPATH\index.php(79): CodeIgniter\CodeIgniter->run()
11 SYSTEMPATH\Commands\Server\rewrite.php(47): require_once('D:\\laragon\\www\\Crud\\public\\index.php')
ERROR - 2023-09-22 05:52:13 --> mysqli_sql_exception: Cannot add or update a child row: a foreign key constraint fails (`productionmodel`.`table_prod`, CONSTRAINT `table_prod_ibfk_1` FOREIGN KEY (`ProductCategory`) REFERENCES `table_category` (`id`) ON DELETE RESTRICT ON UPDATE RESTRICT) in D:\laragon\www\Crud\system\Database\MySQLi\Connection.php:306
Stack trace:
#0 D:\laragon\www\Crud\system\Database\MySQLi\Connection.php(306): mysqli->query('INSERT INTO `ta...', 0)
#1 D:\laragon\www\Crud\system\Database\BaseConnection.php(692): CodeIgniter\Database\MySQLi\Connection->execute('INSERT INTO `ta...')
#2 D:\laragon\www\Crud\system\Database\BaseConnection.php(606): CodeIgniter\Database\BaseConnection->simpleQuery('INSERT INTO `ta...')
#3 D:\laragon\www\Crud\system\Database\BaseBuilder.php(2308): CodeIgniter\Database\BaseConnection->query('INSERT INTO `ta...', Array, false)
#4 D:\laragon\www\Crud\system\Model.php(319): CodeIgniter\Database\BaseBuilder->insert()
#5 D:\laragon\www\Crud\system\BaseModel.php(788): CodeIgniter\Model->doInsert(Array)
#6 D:\laragon\www\Crud\system\Model.php(715): CodeIgniter\BaseModel->insert(Array, false)
#7 D:\laragon\www\Crud\system\BaseModel.php(698): CodeIgniter\Model->insert(Array, false)
#8 D:\laragon\www\Crud\app\Controllers\Home.php(102): CodeIgniter\BaseModel->save(Array)
#9 D:\laragon\www\Crud\system\CodeIgniter.php(919): App\Controllers\Home->actioninsert()
#10 D:\laragon\www\Crud\system\CodeIgniter.php(494): CodeIgniter\CodeIgniter->runController(Object(App\Controllers\Home))
#11 D:\laragon\www\Crud\system\CodeIgniter.php(353): CodeIgniter\CodeIgniter->handleRequest(NULL, Object(Config\Cache), false)
#12 D:\laragon\www\Crud\public\index.php(79): CodeIgniter\CodeIgniter->run()
#13 D:\laragon\www\Crud\system\Commands\Server\rewrite.php(47): require_once('D:\\laragon\\www\\...')
#14 {main}
CRITICAL - 2023-09-22 05:52:13 --> Cannot add or update a child row: a foreign key constraint fails (`productionmodel`.`table_prod`, CONSTRAINT `table_prod_ibfk_1` FOREIGN KEY (`ProductCategory`) REFERENCES `table_category` (`id`) ON DELETE RESTRICT ON UPDATE RESTRICT)
in SYSTEMPATH\Database\BaseConnection.php on line 646.
 1 SYSTEMPATH\Database\BaseBuilder.php(2308): CodeIgniter\Database\BaseConnection->query('INSERT INTO `table_prod` (`ProductName`, `ProductDescription`, `Price`, `Quantity`) VALUES (:ProductName:, :ProductDescription:, :Price:, :Quantity:)', [...], false)
 2 SYSTEMPATH\Model.php(319): CodeIgniter\Database\BaseBuilder->insert()
 3 SYSTEMPATH\BaseModel.php(788): CodeIgniter\Model->doInsert([...])
 4 SYSTEMPATH\Model.php(715): CodeIgniter\BaseModel->insert([...], false)
 5 SYSTEMPATH\BaseModel.php(698): CodeIgniter\Model->insert([...], false)
 6 APPPATH\Controllers\Home.php(102): CodeIgniter\BaseModel->save([...])
 7 SYSTEMPATH\CodeIgniter.php(919): App\Controllers\Home->actioninsert()
 8 SYSTEMPATH\CodeIgniter.php(494): CodeIgniter\CodeIgniter->runController(Object(App\Controllers\Home))
 9 SYSTEMPATH\CodeIgniter.php(353): CodeIgniter\CodeIgniter->handleRequest(null, Object(Config\Cache), false)
10 FCPATH\index.php(79): CodeIgniter\CodeIgniter->run()
11 SYSTEMPATH\Commands\Server\rewrite.php(47): require_once('D:\\laragon\\www\\Crud\\public\\index.php')
ERROR - 2023-09-22 13:17:18 --> mysqli_sql_exception: No tables used in D:\laragon\www\Crud\system\Database\MySQLi\Connection.php:306
Stack trace:
#0 D:\laragon\www\Crud\system\Database\MySQLi\Connection.php(306): mysqli->query('SELECT *', 0)
#1 D:\laragon\www\Crud\system\Database\BaseConnection.php(692): CodeIgniter\Database\MySQLi\Connection->execute('SELECT *')
#2 D:\laragon\www\Crud\system\Database\BaseConnection.php(606): CodeIgniter\Database\BaseConnection->simpleQuery('SELECT *')
#3 D:\laragon\www\Crud\system\Database\BaseBuilder.php(1615): CodeIgniter\Database\BaseConnection->query('SELECT *', Array, false)
#4 D:\laragon\www\Crud\system\Model.php(237): CodeIgniter\Database\BaseBuilder->get()
#5 D:\laragon\www\Crud\system\BaseModel.php(624): CodeIgniter\Model->doFindAll(0, 0)
#6 D:\laragon\www\Crud\app\Controllers\Home.php(38): CodeIgniter\BaseModel->findAll()
#7 D:\laragon\www\Crud\system\CodeIgniter.php(919): App\Controllers\Home->home()
#8 D:\laragon\www\Crud\system\CodeIgniter.php(494): CodeIgniter\CodeIgniter->runController(Object(App\Controllers\Home))
#9 D:\laragon\www\Crud\system\CodeIgniter.php(353): CodeIgniter\CodeIgniter->handleRequest(NULL, Object(Config\Cache), false)
#10 D:\laragon\www\Crud\public\index.php(79): CodeIgniter\CodeIgniter->run()
#11 D:\laragon\www\Crud\system\Commands\Server\rewrite.php(47): require_once('D:\\laragon\\www\\...')
#12 {main}
CRITICAL - 2023-09-22 13:17:18 --> No tables used
in SYSTEMPATH\Database\BaseConnection.php on line 646.
 1 SYSTEMPATH\Database\BaseBuilder.php(1615): CodeIgniter\Database\BaseConnection->query('SELECT *', [], false)
 2 SYSTEMPATH\Model.php(237): CodeIgniter\Database\BaseBuilder->get()
 3 SYSTEMPATH\BaseModel.php(624): CodeIgniter\Model->doFindAll(0, 0)
 4 APPPATH\Controllers\Home.php(38): CodeIgniter\BaseModel->findAll()
 5 SYSTEMPATH\CodeIgniter.php(919): App\Controllers\Home->home()
 6 SYSTEMPATH\CodeIgniter.php(494): CodeIgniter\CodeIgniter->runController(Object(App\Controllers\Home))
 7 SYSTEMPATH\CodeIgniter.php(353): CodeIgniter\CodeIgniter->handleRequest(null, Object(Config\Cache), false)
 8 FCPATH\index.php(79): CodeIgniter\CodeIgniter->run()
 9 SYSTEMPATH\Commands\Server\rewrite.php(47): require_once('D:\\laragon\\www\\Crud\\public\\index.php')
CRITICAL - 2023-09-22 13:31:50 --> Class "App\Controllers\CategoryModel" not found
in APPPATH\Controllers\Home.php on line 107.
 1 SYSTEMPATH\CodeIgniter.php(919): App\Controllers\Home->actioninsert()
 2 SYSTEMPATH\CodeIgniter.php(494): CodeIgniter\CodeIgniter->runController(Object(App\Controllers\Home))
 3 SYSTEMPATH\CodeIgniter.php(353): CodeIgniter\CodeIgniter->handleRequest(null, Object(Config\Cache), false)
 4 FCPATH\index.php(79): CodeIgniter\CodeIgniter->run()
 5 SYSTEMPATH\Commands\Server\rewrite.php(47): require_once('D:\\laragon\\www\\Crud\\public\\index.php')
ERROR - 2023-09-22 13:32:40 --> mysqli_sql_exception: Cannot add or update a child row: a foreign key constraint fails (`productionmodel`.`table_category`, CONSTRAINT `table_category_ibfk_1` FOREIGN KEY (`ProductCategory`) REFERENCES `table_prod` (`id`) ON DELETE RESTRICT ON UPDATE RESTRICT) in D:\laragon\www\Crud\system\Database\MySQLi\Connection.php:306
Stack trace:
#0 D:\laragon\www\Crud\system\Database\MySQLi\Connection.php(306): mysqli->query('INSERT INTO `ta...', 0)
#1 D:\laragon\www\Crud\system\Database\BaseConnection.php(692): CodeIgniter\Database\MySQLi\Connection->execute('INSERT INTO `ta...')
#2 D:\laragon\www\Crud\system\Database\BaseConnection.php(606): CodeIgniter\Database\BaseConnection->simpleQuery('INSERT INTO `ta...')
#3 D:\laragon\www\Crud\system\Database\BaseBuilder.php(2308): CodeIgniter\Database\BaseConnection->query('INSERT INTO `ta...', Array, false)
#4 D:\laragon\www\Crud\system\Model.php(319): CodeIgniter\Database\BaseBuilder->insert()
#5 D:\laragon\www\Crud\system\BaseModel.php(788): CodeIgniter\Model->doInsert(Array)
#6 D:\laragon\www\Crud\system\Model.php(715): CodeIgniter\BaseModel->insert(Array, false)
#7 D:\laragon\www\Crud\system\BaseModel.php(698): CodeIgniter\Model->insert(Array, false)
#8 D:\laragon\www\Crud\app\Controllers\Home.php(113): CodeIgniter\BaseModel->save(Array)
#9 D:\laragon\www\Crud\system\CodeIgniter.php(919): App\Controllers\Home->actioninsert()
#10 D:\laragon\www\Crud\system\CodeIgniter.php(494): CodeIgniter\CodeIgniter->runController(Object(App\Controllers\Home))
#11 D:\laragon\www\Crud\system\CodeIgniter.php(353): CodeIgniter\CodeIgniter->handleRequest(NULL, Object(Config\Cache), false)
#12 D:\laragon\www\Crud\public\index.php(79): CodeIgniter\CodeIgniter->run()
#13 D:\laragon\www\Crud\system\Commands\Server\rewrite.php(47): require_once('D:\\laragon\\www\\...')
#14 {main}
CRITICAL - 2023-09-22 13:32:40 --> Cannot add or update a child row: a foreign key constraint fails (`productionmodel`.`table_category`, CONSTRAINT `table_category_ibfk_1` FOREIGN KEY (`ProductCategory`) REFERENCES `table_prod` (`id`) ON DELETE RESTRICT ON UPDATE RESTRICT)
in SYSTEMPATH\Database\BaseConnection.php on line 646.
 1 SYSTEMPATH\Database\BaseBuilder.php(2308): CodeIgniter\Database\BaseConnection->query('INSERT INTO `table_category` (`ProductCategory`) VALUES (:ProductCategory:)', [...], false)
 2 SYSTEMPATH\Model.php(319): CodeIgniter\Database\BaseBuilder->insert()
 3 SYSTEMPATH\BaseModel.php(788): CodeIgniter\Model->doInsert([...])
 4 SYSTEMPATH\Model.php(715): CodeIgniter\BaseModel->insert([...], false)
 5 SYSTEMPATH\BaseModel.php(698): CodeIgniter\Model->insert([...], false)
 6 APPPATH\Controllers\Home.php(113): CodeIgniter\BaseModel->save([...])
 7 SYSTEMPATH\CodeIgniter.php(919): App\Controllers\Home->actioninsert()
 8 SYSTEMPATH\CodeIgniter.php(494): CodeIgniter\CodeIgniter->runController(Object(App\Controllers\Home))
 9 SYSTEMPATH\CodeIgniter.php(353): CodeIgniter\CodeIgniter->handleRequest(null, Object(Config\Cache), false)
10 FCPATH\index.php(79): CodeIgniter\CodeIgniter->run()
11 SYSTEMPATH\Commands\Server\rewrite.php(47): require_once('D:\\laragon\\www\\Crud\\public\\index.php')
ERROR - 2023-09-22 13:38:34 --> mysqli_sql_exception: Cannot add or update a child row: a foreign key constraint fails (`productionmodel`.`table_category`, CONSTRAINT `table_category_ibfk_1` FOREIGN KEY (`ProductCategory`) REFERENCES `table_prod` (`id`) ON DELETE RESTRICT ON UPDATE RESTRICT) in D:\laragon\www\Crud\system\Database\MySQLi\Connection.php:306
Stack trace:
#0 D:\laragon\www\Crud\system\Database\MySQLi\Connection.php(306): mysqli->query('INSERT INTO `ta...', 0)
#1 D:\laragon\www\Crud\system\Database\BaseConnection.php(692): CodeIgniter\Database\MySQLi\Connection->execute('INSERT INTO `ta...')
#2 D:\laragon\www\Crud\system\Database\BaseConnection.php(606): CodeIgniter\Database\BaseConnection->simpleQuery('INSERT INTO `ta...')
#3 D:\laragon\www\Crud\system\Database\BaseBuilder.php(2308): CodeIgniter\Database\BaseConnection->query('INSERT INTO `ta...', Array, false)
#4 D:\laragon\www\Crud\system\Model.php(319): CodeIgniter\Database\BaseBuilder->insert()
#5 D:\laragon\www\Crud\system\BaseModel.php(788): CodeIgniter\Model->doInsert(Array)
#6 D:\laragon\www\Crud\system\Model.php(715): CodeIgniter\BaseModel->insert(Array, true)
#7 D:\laragon\www\Crud\app\Controllers\Home.php(100): CodeIgniter\Model->insert(Array)
#8 D:\laragon\www\Crud\system\CodeIgniter.php(919): App\Controllers\Home->actioninsert()
#9 D:\laragon\www\Crud\system\CodeIgniter.php(494): CodeIgniter\CodeIgniter->runController(Object(App\Controllers\Home))
#10 D:\laragon\www\Crud\system\CodeIgniter.php(353): CodeIgniter\CodeIgniter->handleRequest(NULL, Object(Config\Cache), false)
#11 D:\laragon\www\Crud\public\index.php(79): CodeIgniter\CodeIgniter->run()
#12 D:\laragon\www\Crud\system\Commands\Server\rewrite.php(47): require_once('D:\\laragon\\www\\...')
#13 {main}
CRITICAL - 2023-09-22 13:38:34 --> Cannot add or update a child row: a foreign key constraint fails (`productionmodel`.`table_category`, CONSTRAINT `table_category_ibfk_1` FOREIGN KEY (`ProductCategory`) REFERENCES `table_prod` (`id`) ON DELETE RESTRICT ON UPDATE RESTRICT)
in SYSTEMPATH\Database\BaseConnection.php on line 646.
 1 SYSTEMPATH\Database\BaseBuilder.php(2308): CodeIgniter\Database\BaseConnection->query('INSERT INTO `table_category` (`ProductCategory`) VALUES (:ProductCategory:)', [...], false)
 2 SYSTEMPATH\Model.php(319): CodeIgniter\Database\BaseBuilder->insert()
 3 SYSTEMPATH\BaseModel.php(788): CodeIgniter\Model->doInsert([...])
 4 SYSTEMPATH\Model.php(715): CodeIgniter\BaseModel->insert([...], true)
 5 APPPATH\Controllers\Home.php(100): CodeIgniter\Model->insert([...])
 6 SYSTEMPATH\CodeIgniter.php(919): App\Controllers\Home->actioninsert()
 7 SYSTEMPATH\CodeIgniter.php(494): CodeIgniter\CodeIgniter->runController(Object(App\Controllers\Home))
 8 SYSTEMPATH\CodeIgniter.php(353): CodeIgniter\CodeIgniter->handleRequest(null, Object(Config\Cache), false)
 9 FCPATH\index.php(79): CodeIgniter\CodeIgniter->run()
10 SYSTEMPATH\Commands\Server\rewrite.php(47): require_once('D:\\laragon\\www\\Crud\\public\\index.php')
ERROR - 2023-09-22 13:38:37 --> mysqli_sql_exception: Cannot add or update a child row: a foreign key constraint fails (`productionmodel`.`table_category`, CONSTRAINT `table_category_ibfk_1` FOREIGN KEY (`ProductCategory`) REFERENCES `table_prod` (`id`) ON DELETE RESTRICT ON UPDATE RESTRICT) in D:\laragon\www\Crud\system\Database\MySQLi\Connection.php:306
Stack trace:
#0 D:\laragon\www\Crud\system\Database\MySQLi\Connection.php(306): mysqli->query('INSERT INTO `ta...', 0)
#1 D:\laragon\www\Crud\system\Database\BaseConnection.php(692): CodeIgniter\Database\MySQLi\Connection->execute('INSERT INTO `ta...')
#2 D:\laragon\www\Crud\system\Database\BaseConnection.php(606): CodeIgniter\Database\BaseConnection->simpleQuery('INSERT INTO `ta...')
#3 D:\laragon\www\Crud\system\Database\BaseBuilder.php(2308): CodeIgniter\Database\BaseConnection->query('INSERT INTO `ta...', Array, false)
#4 D:\laragon\www\Crud\system\Model.php(319): CodeIgniter\Database\BaseBuilder->insert()
#5 D:\laragon\www\Crud\system\BaseModel.php(788): CodeIgniter\Model->doInsert(Array)
#6 D:\laragon\www\Crud\system\Model.php(715): CodeIgniter\BaseModel->insert(Array, true)
#7 D:\laragon\www\Crud\app\Controllers\Home.php(100): CodeIgniter\Model->insert(Array)
#8 D:\laragon\www\Crud\system\CodeIgniter.php(919): App\Controllers\Home->actioninsert()
#9 D:\laragon\www\Crud\system\CodeIgniter.php(494): CodeIgniter\CodeIgniter->runController(Object(App\Controllers\Home))
#10 D:\laragon\www\Crud\system\CodeIgniter.php(353): CodeIgniter\CodeIgniter->handleRequest(NULL, Object(Config\Cache), false)
#11 D:\laragon\www\Crud\public\index.php(79): CodeIgniter\CodeIgniter->run()
#12 D:\laragon\www\Crud\system\Commands\Server\rewrite.php(47): require_once('D:\\laragon\\www\\...')
#13 {main}
CRITICAL - 2023-09-22 13:38:37 --> Cannot add or update a child row: a foreign key constraint fails (`productionmodel`.`table_category`, CONSTRAINT `table_category_ibfk_1` FOREIGN KEY (`ProductCategory`) REFERENCES `table_prod` (`id`) ON DELETE RESTRICT ON UPDATE RESTRICT)
in SYSTEMPATH\Database\BaseConnection.php on line 646.
 1 SYSTEMPATH\Database\BaseBuilder.php(2308): CodeIgniter\Database\BaseConnection->query('INSERT INTO `table_category` (`ProductCategory`) VALUES (:ProductCategory:)', [...], false)
 2 SYSTEMPATH\Model.php(319): CodeIgniter\Database\BaseBuilder->insert()
 3 SYSTEMPATH\BaseModel.php(788): CodeIgniter\Model->doInsert([...])
 4 SYSTEMPATH\Model.php(715): CodeIgniter\BaseModel->insert([...], true)
 5 APPPATH\Controllers\Home.php(100): CodeIgniter\Model->insert([...])
 6 SYSTEMPATH\CodeIgniter.php(919): App\Controllers\Home->actioninsert()
 7 SYSTEMPATH\CodeIgniter.php(494): CodeIgniter\CodeIgniter->runController(Object(App\Controllers\Home))
 8 SYSTEMPATH\CodeIgniter.php(353): CodeIgniter\CodeIgniter->handleRequest(null, Object(Config\Cache), false)
 9 FCPATH\index.php(79): CodeIgniter\CodeIgniter->run()
10 SYSTEMPATH\Commands\Server\rewrite.php(47): require_once('D:\\laragon\\www\\Crud\\public\\index.php')
ERROR - 2023-09-22 13:54:26 --> mysqli_sql_exception: Unknown column 'ProductDescription' in 'field list' in D:\laragon\www\Crud\system\Database\MySQLi\Connection.php:306
Stack trace:
#0 D:\laragon\www\Crud\system\Database\MySQLi\Connection.php(306): mysqli->query('INSERT INTO `ta...', 0)
#1 D:\laragon\www\Crud\system\Database\BaseConnection.php(692): CodeIgniter\Database\MySQLi\Connection->execute('INSERT INTO `ta...')
#2 D:\laragon\www\Crud\system\Database\BaseConnection.php(606): CodeIgniter\Database\BaseConnection->simpleQuery('INSERT INTO `ta...')
#3 D:\laragon\www\Crud\system\Database\BaseBuilder.php(2308): CodeIgniter\Database\BaseConnection->query('INSERT INTO `ta...', Array, false)
#4 D:\laragon\www\Crud\system\Model.php(319): CodeIgniter\Database\BaseBuilder->insert()
#5 D:\laragon\www\Crud\system\BaseModel.php(788): CodeIgniter\Model->doInsert(Array)
#6 D:\laragon\www\Crud\system\Model.php(715): CodeIgniter\BaseModel->insert(Array, true)
#7 D:\laragon\www\Crud\app\Controllers\Home.php(113): CodeIgniter\Model->insert(Array)
#8 D:\laragon\www\Crud\system\CodeIgniter.php(919): App\Controllers\Home->actioninsert()
#9 D:\laragon\www\Crud\system\CodeIgniter.php(494): CodeIgniter\CodeIgniter->runController(Object(App\Controllers\Home))
#10 D:\laragon\www\Crud\system\CodeIgniter.php(353): CodeIgniter\CodeIgniter->handleRequest(NULL, Object(Config\Cache), false)
#11 D:\laragon\www\Crud\public\index.php(79): CodeIgniter\CodeIgniter->run()
#12 D:\laragon\www\Crud\system\Commands\Server\rewrite.php(47): require_once('D:\\laragon\\www\\...')
#13 {main}
CRITICAL - 2023-09-22 13:54:26 --> Unknown column 'ProductDescription' in 'field list'
in SYSTEMPATH\Database\BaseConnection.php on line 646.
 1 SYSTEMPATH\Database\BaseBuilder.php(2308): CodeIgniter\Database\BaseConnection->query('INSERT INTO `table_prod` (`ProductName`, `ProductDescription`, `ProductCategory`, `Price`, `Quantity`) VALUES (:ProductName:, :ProductDescription:, :ProductCategory:, :Price:, :Quantity:)', [...], false)
 2 SYSTEMPATH\Model.php(319): CodeIgniter\Database\BaseBuilder->insert()
 3 SYSTEMPATH\BaseModel.php(788): CodeIgniter\Model->doInsert([...])
 4 SYSTEMPATH\Model.php(715): CodeIgniter\BaseModel->insert([...], true)
 5 APPPATH\Controllers\Home.php(113): CodeIgniter\Model->insert([...])
 6 SYSTEMPATH\CodeIgniter.php(919): App\Controllers\Home->actioninsert()
 7 SYSTEMPATH\CodeIgniter.php(494): CodeIgniter\CodeIgniter->runController(Object(App\Controllers\Home))
 8 SYSTEMPATH\CodeIgniter.php(353): CodeIgniter\CodeIgniter->handleRequest(null, Object(Config\Cache), false)
 9 FCPATH\index.php(79): CodeIgniter\CodeIgniter->run()
10 SYSTEMPATH\Commands\Server\rewrite.php(47): require_once('D:\\laragon\\www\\Crud\\public\\index.php')
ERROR - 2023-09-22 13:55:39 --> mysqli_sql_exception: Unknown column 'ProductDescription' in 'field list' in D:\laragon\www\Crud\system\Database\MySQLi\Connection.php:306
Stack trace:
#0 D:\laragon\www\Crud\system\Database\MySQLi\Connection.php(306): mysqli->query('INSERT INTO `ta...', 0)
#1 D:\laragon\www\Crud\system\Database\BaseConnection.php(692): CodeIgniter\Database\MySQLi\Connection->execute('INSERT INTO `ta...')
#2 D:\laragon\www\Crud\system\Database\BaseConnection.php(606): CodeIgniter\Database\BaseConnection->simpleQuery('INSERT INTO `ta...')
#3 D:\laragon\www\Crud\system\Database\BaseBuilder.php(2308): CodeIgniter\Database\BaseConnection->query('INSERT INTO `ta...', Array, false)
#4 D:\laragon\www\Crud\system\Model.php(319): CodeIgniter\Database\BaseBuilder->insert()
#5 D:\laragon\www\Crud\system\BaseModel.php(788): CodeIgniter\Model->doInsert(Array)
#6 D:\laragon\www\Crud\system\Model.php(715): CodeIgniter\BaseModel->insert(Array, true)
#7 D:\laragon\www\Crud\app\Controllers\Home.php(113): CodeIgniter\Model->insert(Array)
#8 D:\laragon\www\Crud\system\CodeIgniter.php(919): App\Controllers\Home->actioninsert()
#9 D:\laragon\www\Crud\system\CodeIgniter.php(494): CodeIgniter\CodeIgniter->runController(Object(App\Controllers\Home))
#10 D:\laragon\www\Crud\system\CodeIgniter.php(353): CodeIgniter\CodeIgniter->handleRequest(NULL, Object(Config\Cache), false)
#11 D:\laragon\www\Crud\public\index.php(79): CodeIgniter\CodeIgniter->run()
#12 D:\laragon\www\Crud\system\Commands\Server\rewrite.php(47): require_once('D:\\laragon\\www\\...')
#13 {main}
CRITICAL - 2023-09-22 13:55:39 --> Unknown column 'ProductDescription' in 'field list'
in SYSTEMPATH\Database\BaseConnection.php on line 646.
 1 SYSTEMPATH\Database\BaseBuilder.php(2308): CodeIgniter\Database\BaseConnection->query('INSERT INTO `table_prod` (`ProductName`, `ProductDescription`, `ProductCategory`, `Price`, `Quantity`) VALUES (:ProductName:, :ProductDescription:, :ProductCategory:, :Price:, :Quantity:)', [...], false)
 2 SYSTEMPATH\Model.php(319): CodeIgniter\Database\BaseBuilder->insert()
 3 SYSTEMPATH\BaseModel.php(788): CodeIgniter\Model->doInsert([...])
 4 SYSTEMPATH\Model.php(715): CodeIgniter\BaseModel->insert([...], true)
 5 APPPATH\Controllers\Home.php(113): CodeIgniter\Model->insert([...])
 6 SYSTEMPATH\CodeIgniter.php(919): App\Controllers\Home->actioninsert()
 7 SYSTEMPATH\CodeIgniter.php(494): CodeIgniter\CodeIgniter->runController(Object(App\Controllers\Home))
 8 SYSTEMPATH\CodeIgniter.php(353): CodeIgniter\CodeIgniter->handleRequest(null, Object(Config\Cache), false)
 9 FCPATH\index.php(79): CodeIgniter\CodeIgniter->run()
10 SYSTEMPATH\Commands\Server\rewrite.php(47): require_once('D:\\laragon\\www\\Crud\\public\\index.php')
ERROR - 2023-09-22 13:56:26 --> mysqli_sql_exception: Unknown column 'ProductDescription' in 'field list' in D:\laragon\www\Crud\system\Database\MySQLi\Connection.php:306
Stack trace:
#0 D:\laragon\www\Crud\system\Database\MySQLi\Connection.php(306): mysqli->query('INSERT INTO `ta...', 0)
#1 D:\laragon\www\Crud\system\Database\BaseConnection.php(692): CodeIgniter\Database\MySQLi\Connection->execute('INSERT INTO `ta...')
#2 D:\laragon\www\Crud\system\Database\BaseConnection.php(606): CodeIgniter\Database\BaseConnection->simpleQuery('INSERT INTO `ta...')
#3 D:\laragon\www\Crud\system\Database\BaseBuilder.php(2308): CodeIgniter\Database\BaseConnection->query('INSERT INTO `ta...', Array, false)
#4 D:\laragon\www\Crud\system\Model.php(319): CodeIgniter\Database\BaseBuilder->insert()
#5 D:\laragon\www\Crud\system\BaseModel.php(788): CodeIgniter\Model->doInsert(Array)
#6 D:\laragon\www\Crud\system\Model.php(715): CodeIgniter\BaseModel->insert(Array, true)
#7 D:\laragon\www\Crud\app\Controllers\Home.php(113): CodeIgniter\Model->insert(Array)
#8 D:\laragon\www\Crud\system\CodeIgniter.php(919): App\Controllers\Home->actioninsert()
#9 D:\laragon\www\Crud\system\CodeIgniter.php(494): CodeIgniter\CodeIgniter->runController(Object(App\Controllers\Home))
#10 D:\laragon\www\Crud\system\CodeIgniter.php(353): CodeIgniter\CodeIgniter->handleRequest(NULL, Object(Config\Cache), false)
#11 D:\laragon\www\Crud\public\index.php(79): CodeIgniter\CodeIgniter->run()
#12 D:\laragon\www\Crud\system\Commands\Server\rewrite.php(47): require_once('D:\\laragon\\www\\...')
#13 {main}
CRITICAL - 2023-09-22 13:56:26 --> Unknown column 'ProductDescription' in 'field list'
in SYSTEMPATH\Database\BaseConnection.php on line 646.
 1 SYSTEMPATH\Database\BaseBuilder.php(2308): CodeIgniter\Database\BaseConnection->query('INSERT INTO `table_prod` (`ProductName`, `ProductDescription`, `ProductCategory`, `Price`, `Quantity`) VALUES (:ProductName:, :ProductDescription:, :ProductCategory:, :Price:, :Quantity:)', [...], false)
 2 SYSTEMPATH\Model.php(319): CodeIgniter\Database\BaseBuilder->insert()
 3 SYSTEMPATH\BaseModel.php(788): CodeIgniter\Model->doInsert([...])
 4 SYSTEMPATH\Model.php(715): CodeIgniter\BaseModel->insert([...], true)
 5 APPPATH\Controllers\Home.php(113): CodeIgniter\Model->insert([...])
 6 SYSTEMPATH\CodeIgniter.php(919): App\Controllers\Home->actioninsert()
 7 SYSTEMPATH\CodeIgniter.php(494): CodeIgniter\CodeIgniter->runController(Object(App\Controllers\Home))
 8 SYSTEMPATH\CodeIgniter.php(353): CodeIgniter\CodeIgniter->handleRequest(null, Object(Config\Cache), false)
 9 FCPATH\index.php(79): CodeIgniter\CodeIgniter->run()
10 SYSTEMPATH\Commands\Server\rewrite.php(47): require_once('D:\\laragon\\www\\Crud\\public\\index.php')
ERROR - 2023-09-22 13:57:39 --> mysqli_sql_exception: Unknown column 'ProductDescription' in 'field list' in D:\laragon\www\Crud\system\Database\MySQLi\Connection.php:306
Stack trace:
#0 D:\laragon\www\Crud\system\Database\MySQLi\Connection.php(306): mysqli->query('INSERT INTO `ta...', 0)
#1 D:\laragon\www\Crud\system\Database\BaseConnection.php(692): CodeIgniter\Database\MySQLi\Connection->execute('INSERT INTO `ta...')
#2 D:\laragon\www\Crud\system\Database\BaseConnection.php(606): CodeIgniter\Database\BaseConnection->simpleQuery('INSERT INTO `ta...')
#3 D:\laragon\www\Crud\system\Database\BaseBuilder.php(2308): CodeIgniter\Database\BaseConnection->query('INSERT INTO `ta...', Array, false)
#4 D:\laragon\www\Crud\system\Model.php(319): CodeIgniter\Database\BaseBuilder->insert()
#5 D:\laragon\www\Crud\system\BaseModel.php(788): CodeIgniter\Model->doInsert(Array)
#6 D:\laragon\www\Crud\system\Model.php(715): CodeIgniter\BaseModel->insert(Array, true)
#7 D:\laragon\www\Crud\app\Controllers\Home.php(113): CodeIgniter\Model->insert(Array)
#8 D:\laragon\www\Crud\system\CodeIgniter.php(919): App\Controllers\Home->actioninsert()
#9 D:\laragon\www\Crud\system\CodeIgniter.php(494): CodeIgniter\CodeIgniter->runController(Object(App\Controllers\Home))
#10 D:\laragon\www\Crud\system\CodeIgniter.php(353): CodeIgniter\CodeIgniter->handleRequest(NULL, Object(Config\Cache), false)
#11 D:\laragon\www\Crud\public\index.php(79): CodeIgniter\CodeIgniter->run()
#12 D:\laragon\www\Crud\system\Commands\Server\rewrite.php(47): require_once('D:\\laragon\\www\\...')
#13 {main}
CRITICAL - 2023-09-22 13:57:39 --> Unknown column 'ProductDescription' in 'field list'
in SYSTEMPATH\Database\BaseConnection.php on line 646.
 1 SYSTEMPATH\Database\BaseBuilder.php(2308): CodeIgniter\Database\BaseConnection->query('INSERT INTO `table_prod` (`ProductName`, `ProductDescription`, `ProductCategory`, `Price`, `Quantity`) VALUES (:ProductName:, :ProductDescription:, :ProductCategory:, :Price:, :Quantity:)', [...], false)
 2 SYSTEMPATH\Model.php(319): CodeIgniter\Database\BaseBuilder->insert()
 3 SYSTEMPATH\BaseModel.php(788): CodeIgniter\Model->doInsert([...])
 4 SYSTEMPATH\Model.php(715): CodeIgniter\BaseModel->insert([...], true)
 5 APPPATH\Controllers\Home.php(113): CodeIgniter\Model->insert([...])
 6 SYSTEMPATH\CodeIgniter.php(919): App\Controllers\Home->actioninsert()
 7 SYSTEMPATH\CodeIgniter.php(494): CodeIgniter\CodeIgniter->runController(Object(App\Controllers\Home))
 8 SYSTEMPATH\CodeIgniter.php(353): CodeIgniter\CodeIgniter->handleRequest(null, Object(Config\Cache), false)
 9 FCPATH\index.php(79): CodeIgniter\CodeIgniter->run()
10 SYSTEMPATH\Commands\Server\rewrite.php(47): require_once('D:\\laragon\\www\\Crud\\public\\index.php')
ERROR - 2023-09-22 13:59:36 --> mysqli_sql_exception: Cannot add or update a child row: a foreign key constraint fails (`production`.`table_prod`, CONSTRAINT `table_prod_ibfk_1` FOREIGN KEY (`ProductCategory`) REFERENCES `table_category` (`id`) ON DELETE RESTRICT ON UPDATE RESTRICT) in D:\laragon\www\Crud\system\Database\MySQLi\Connection.php:306
Stack trace:
#0 D:\laragon\www\Crud\system\Database\MySQLi\Connection.php(306): mysqli->query('INSERT INTO `ta...', 0)
#1 D:\laragon\www\Crud\system\Database\BaseConnection.php(692): CodeIgniter\Database\MySQLi\Connection->execute('INSERT INTO `ta...')
#2 D:\laragon\www\Crud\system\Database\BaseConnection.php(606): CodeIgniter\Database\BaseConnection->simpleQuery('INSERT INTO `ta...')
#3 D:\laragon\www\Crud\system\Database\BaseBuilder.php(2308): CodeIgniter\Database\BaseConnection->query('INSERT INTO `ta...', Array, false)
#4 D:\laragon\www\Crud\system\Model.php(319): CodeIgniter\Database\BaseBuilder->insert()
#5 D:\laragon\www\Crud\system\BaseModel.php(788): CodeIgniter\Model->doInsert(Array)
#6 D:\laragon\www\Crud\system\Model.php(715): CodeIgniter\BaseModel->insert(Array, true)
#7 D:\laragon\www\Crud\app\Controllers\Home.php(113): CodeIgniter\Model->insert(Array)
#8 D:\laragon\www\Crud\system\CodeIgniter.php(919): App\Controllers\Home->actioninsert()
#9 D:\laragon\www\Crud\system\CodeIgniter.php(494): CodeIgniter\CodeIgniter->runController(Object(App\Controllers\Home))
#10 D:\laragon\www\Crud\system\CodeIgniter.php(353): CodeIgniter\CodeIgniter->handleRequest(NULL, Object(Config\Cache), false)
#11 D:\laragon\www\Crud\public\index.php(79): CodeIgniter\CodeIgniter->run()
#12 D:\laragon\www\Crud\system\Commands\Server\rewrite.php(47): require_once('D:\\laragon\\www\\...')
#13 {main}
CRITICAL - 2023-09-22 13:59:36 --> Cannot add or update a child row: a foreign key constraint fails (`production`.`table_prod`, CONSTRAINT `table_prod_ibfk_1` FOREIGN KEY (`ProductCategory`) REFERENCES `table_category` (`id`) ON DELETE RESTRICT ON UPDATE RESTRICT)
in SYSTEMPATH\Database\BaseConnection.php on line 646.
 1 SYSTEMPATH\Database\BaseBuilder.php(2308): CodeIgniter\Database\BaseConnection->query('INSERT INTO `table_prod` (`ProductName`, `ProductCategory`, `Price`, `Quantity`) VALUES (:ProductName:, :ProductCategory:, :Price:, :Quantity:)', [...], false)
 2 SYSTEMPATH\Model.php(319): CodeIgniter\Database\BaseBuilder->insert()
 3 SYSTEMPATH\BaseModel.php(788): CodeIgniter\Model->doInsert([...])
 4 SYSTEMPATH\Model.php(715): CodeIgniter\BaseModel->insert([...], true)
 5 APPPATH\Controllers\Home.php(113): CodeIgniter\Model->insert([...])
 6 SYSTEMPATH\CodeIgniter.php(919): App\Controllers\Home->actioninsert()
 7 SYSTEMPATH\CodeIgniter.php(494): CodeIgniter\CodeIgniter->runController(Object(App\Controllers\Home))
 8 SYSTEMPATH\CodeIgniter.php(353): CodeIgniter\CodeIgniter->handleRequest(null, Object(Config\Cache), false)
 9 FCPATH\index.php(79): CodeIgniter\CodeIgniter->run()
10 SYSTEMPATH\Commands\Server\rewrite.php(47): require_once('D:\\laragon\\www\\Crud\\public\\index.php')
CRITICAL - 2023-09-22 13:59:51 --> Undefined array key "ProductDescription"
in APPPATH\Views\home.php on line 31.
 1 APPPATH\Views\home.php(31): CodeIgniter\Debug\Exceptions->errorHandler(2, 'Undefined array key "ProductDescription"', 'D:\\laragon\\www\\Crud\\app\\Views\\home.php', 31)
 2 SYSTEMPATH\View\View.php(226): include('D:\\laragon\\www\\Crud\\app\\Views\\home.php')
 3 SYSTEMPATH\View\View.php(229): CodeIgniter\View\View->CodeIgniter\View\{closure}()
 4 SYSTEMPATH\Common.php(1188): CodeIgniter\View\View->render('/home', [], true)
 5 APPPATH\Controllers\Home.php(41): view('/home', [...])
 6 SYSTEMPATH\CodeIgniter.php(919): App\Controllers\Home->home()
 7 SYSTEMPATH\CodeIgniter.php(494): CodeIgniter\CodeIgniter->runController(Object(App\Controllers\Home))
 8 SYSTEMPATH\CodeIgniter.php(353): CodeIgniter\CodeIgniter->handleRequest(null, Object(Config\Cache), false)
 9 FCPATH\index.php(79): CodeIgniter\CodeIgniter->run()
10 SYSTEMPATH\Commands\Server\rewrite.php(47): require_once('D:\\laragon\\www\\Crud\\public\\index.php')
ERROR - 2023-09-22 14:03:26 --> mysqli_sql_exception: Cannot add or update a child row: a foreign key constraint fails (`production`.`table_prod`, CONSTRAINT `table_prod_ibfk_1` FOREIGN KEY (`ProductCategory`) REFERENCES `table_category` (`id`) ON DELETE RESTRICT ON UPDATE RESTRICT) in D:\laragon\www\Crud\system\Database\MySQLi\Connection.php:306
Stack trace:
#0 D:\laragon\www\Crud\system\Database\MySQLi\Connection.php(306): mysqli->query('INSERT INTO `ta...', 0)
#1 D:\laragon\www\Crud\system\Database\BaseConnection.php(692): CodeIgniter\Database\MySQLi\Connection->execute('INSERT INTO `ta...')
#2 D:\laragon\www\Crud\system\Database\BaseConnection.php(606): CodeIgniter\Database\BaseConnection->simpleQuery('INSERT INTO `ta...')
#3 D:\laragon\www\Crud\system\Database\BaseBuilder.php(2308): CodeIgniter\Database\BaseConnection->query('INSERT INTO `ta...', Array, false)
#4 D:\laragon\www\Crud\system\Model.php(319): CodeIgniter\Database\BaseBuilder->insert()
#5 D:\laragon\www\Crud\system\BaseModel.php(788): CodeIgniter\Model->doInsert(Array)
#6 D:\laragon\www\Crud\system\Model.php(715): CodeIgniter\BaseModel->insert(Array, true)
#7 D:\laragon\www\Crud\app\Controllers\Home.php(114): CodeIgniter\Model->insert(Array)
#8 D:\laragon\www\Crud\system\CodeIgniter.php(919): App\Controllers\Home->actioninsert()
#9 D:\laragon\www\Crud\system\CodeIgniter.php(494): CodeIgniter\CodeIgniter->runController(Object(App\Controllers\Home))
#10 D:\laragon\www\Crud\system\CodeIgniter.php(353): CodeIgniter\CodeIgniter->handleRequest(NULL, Object(Config\Cache), false)
#11 D:\laragon\www\Crud\public\index.php(79): CodeIgniter\CodeIgniter->run()
#12 D:\laragon\www\Crud\system\Commands\Server\rewrite.php(47): require_once('D:\\laragon\\www\\...')
#13 {main}
CRITICAL - 2023-09-22 14:03:26 --> Cannot add or update a child row: a foreign key constraint fails (`production`.`table_prod`, CONSTRAINT `table_prod_ibfk_1` FOREIGN KEY (`ProductCategory`) REFERENCES `table_category` (`id`) ON DELETE RESTRICT ON UPDATE RESTRICT)
in SYSTEMPATH\Database\BaseConnection.php on line 646.
 1 SYSTEMPATH\Database\BaseBuilder.php(2308): CodeIgniter\Database\BaseConnection->query('INSERT INTO `table_prod` (`ProductName`, `ProductDescription`, `ProductCategory`, `Price`, `Quantity`) VALUES (:ProductName:, :ProductDescription:, :ProductCategory:, :Price:, :Quantity:)', [...], false)
 2 SYSTEMPATH\Model.php(319): CodeIgniter\Database\BaseBuilder->insert()
 3 SYSTEMPATH\BaseModel.php(788): CodeIgniter\Model->doInsert([...])
 4 SYSTEMPATH\Model.php(715): CodeIgniter\BaseModel->insert([...], true)
 5 APPPATH\Controllers\Home.php(114): CodeIgniter\Model->insert([...])
 6 SYSTEMPATH\CodeIgniter.php(919): App\Controllers\Home->actioninsert()
 7 SYSTEMPATH\CodeIgniter.php(494): CodeIgniter\CodeIgniter->runController(Object(App\Controllers\Home))
 8 SYSTEMPATH\CodeIgniter.php(353): CodeIgniter\CodeIgniter->handleRequest(null, Object(Config\Cache), false)
 9 FCPATH\index.php(79): CodeIgniter\CodeIgniter->run()
10 SYSTEMPATH\Commands\Server\rewrite.php(47): require_once('D:\\laragon\\www\\Crud\\public\\index.php')
CRITICAL - 2023-09-22 14:06:26 --> Class "App\Controllers\CategoryModel" not found
in APPPATH\Controllers\Home.php on line 101.
 1 SYSTEMPATH\CodeIgniter.php(919): App\Controllers\Home->actioninsert()
 2 SYSTEMPATH\CodeIgniter.php(494): CodeIgniter\CodeIgniter->runController(Object(App\Controllers\Home))
 3 SYSTEMPATH\CodeIgniter.php(353): CodeIgniter\CodeIgniter->handleRequest(null, Object(Config\Cache), false)
 4 FCPATH\index.php(79): CodeIgniter\CodeIgniter->run()
 5 SYSTEMPATH\Commands\Server\rewrite.php(47): require_once('D:\\laragon\\www\\Crud\\public\\index.php')
CRITICAL - 2023-09-22 14:07:07 --> Class "App\Models\CategorytModel" not found
in APPPATH\Controllers\Home.php on line 101.
 1 SYSTEMPATH\CodeIgniter.php(919): App\Controllers\Home->actioninsert()
 2 SYSTEMPATH\CodeIgniter.php(494): CodeIgniter\CodeIgniter->runController(Object(App\Controllers\Home))
 3 SYSTEMPATH\CodeIgniter.php(353): CodeIgniter\CodeIgniter->handleRequest(null, Object(Config\Cache), false)
 4 FCPATH\index.php(79): CodeIgniter\CodeIgniter->run()
 5 SYSTEMPATH\Commands\Server\rewrite.php(47): require_once('D:\\laragon\\www\\Crud\\public\\index.php')
ERROR - 2023-09-22 14:10:22 --> mysqli_sql_exception: Cannot add or update a child row: a foreign key constraint fails (`production`.`table_prod`, CONSTRAINT `table_prod_ibfk_1` FOREIGN KEY (`ProductCategory`) REFERENCES `table_category` (`id`) ON DELETE RESTRICT ON UPDATE RESTRICT) in D:\laragon\www\Crud\system\Database\MySQLi\Connection.php:306
Stack trace:
#0 D:\laragon\www\Crud\system\Database\MySQLi\Connection.php(306): mysqli->query('INSERT INTO `ta...', 0)
#1 D:\laragon\www\Crud\system\Database\BaseConnection.php(692): CodeIgniter\Database\MySQLi\Connection->execute('INSERT INTO `ta...')
#2 D:\laragon\www\Crud\system\Database\BaseConnection.php(606): CodeIgniter\Database\BaseConnection->simpleQuery('INSERT INTO `ta...')
#3 D:\laragon\www\Crud\system\Database\BaseBuilder.php(2308): CodeIgniter\Database\BaseConnection->query('INSERT INTO `ta...', Array, false)
#4 D:\laragon\www\Crud\system\Model.php(319): CodeIgniter\Database\BaseBuilder->insert()
#5 D:\laragon\www\Crud\system\BaseModel.php(788): CodeIgniter\Model->doInsert(Array)
#6 D:\laragon\www\Crud\system\Model.php(715): CodeIgniter\BaseModel->insert(Array, true)
#7 D:\laragon\www\Crud\app\Controllers\Home.php(135): CodeIgniter\Model->insert(Array)
#8 D:\laragon\www\Crud\system\CodeIgniter.php(919): App\Controllers\Home->actioninsert()
#9 D:\laragon\www\Crud\system\CodeIgniter.php(494): CodeIgniter\CodeIgniter->runController(Object(App\Controllers\Home))
#10 D:\laragon\www\Crud\system\CodeIgniter.php(353): CodeIgniter\CodeIgniter->handleRequest(NULL, Object(Config\Cache), false)
#11 D:\laragon\www\Crud\public\index.php(79): CodeIgniter\CodeIgniter->run()
#12 D:\laragon\www\Crud\system\Commands\Server\rewrite.php(47): require_once('D:\\laragon\\www\\...')
#13 {main}
CRITICAL - 2023-09-22 14:10:22 --> Cannot add or update a child row: a foreign key constraint fails (`production`.`table_prod`, CONSTRAINT `table_prod_ibfk_1` FOREIGN KEY (`ProductCategory`) REFERENCES `table_category` (`id`) ON DELETE RESTRICT ON UPDATE RESTRICT)
in SYSTEMPATH\Database\BaseConnection.php on line 646.
 1 SYSTEMPATH\Database\BaseBuilder.php(2308): CodeIgniter\Database\BaseConnection->query('INSERT INTO `table_prod` (`ProductName`, `ProductDescription`, `Price`, `Quantity`) VALUES (:ProductName:, :ProductDescription:, :Price:, :Quantity:)', [...], false)
 2 SYSTEMPATH\Model.php(319): CodeIgniter\Database\BaseBuilder->insert()
 3 SYSTEMPATH\BaseModel.php(788): CodeIgniter\Model->doInsert([...])
 4 SYSTEMPATH\Model.php(715): CodeIgniter\BaseModel->insert([...], true)
 5 APPPATH\Controllers\Home.php(135): CodeIgniter\Model->insert([...])
 6 SYSTEMPATH\CodeIgniter.php(919): App\Controllers\Home->actioninsert()
 7 SYSTEMPATH\CodeIgniter.php(494): CodeIgniter\CodeIgniter->runController(Object(App\Controllers\Home))
 8 SYSTEMPATH\CodeIgniter.php(353): CodeIgniter\CodeIgniter->handleRequest(null, Object(Config\Cache), false)
 9 FCPATH\index.php(79): CodeIgniter\CodeIgniter->run()
10 SYSTEMPATH\Commands\Server\rewrite.php(47): require_once('D:\\laragon\\www\\Crud\\public\\index.php')
ERROR - 2023-09-22 14:18:38 --> mysqli_sql_exception: Cannot add or update a child row: a foreign key constraint fails (`productionmodel`.`table_prod`, CONSTRAINT `table_prod_ibfk_1` FOREIGN KEY (`ProductCategory`) REFERENCES `table_category` (`id`) ON DELETE RESTRICT ON UPDATE RESTRICT) in D:\laragon\www\Crud\system\Database\MySQLi\Connection.php:306
Stack trace:
#0 D:\laragon\www\Crud\system\Database\MySQLi\Connection.php(306): mysqli->query('INSERT INTO `ta...', 0)
#1 D:\laragon\www\Crud\system\Database\BaseConnection.php(692): CodeIgniter\Database\MySQLi\Connection->execute('INSERT INTO `ta...')
#2 D:\laragon\www\Crud\system\Database\BaseConnection.php(606): CodeIgniter\Database\BaseConnection->simpleQuery('INSERT INTO `ta...')
#3 D:\laragon\www\Crud\system\Database\BaseBuilder.php(2308): CodeIgniter\Database\BaseConnection->query('INSERT INTO `ta...', Array, false)
#4 D:\laragon\www\Crud\system\Model.php(319): CodeIgniter\Database\BaseBuilder->insert()
#5 D:\laragon\www\Crud\system\BaseModel.php(788): CodeIgniter\Model->doInsert(Array)
#6 D:\laragon\www\Crud\system\Model.php(715): CodeIgniter\BaseModel->insert(Array, true)
#7 D:\laragon\www\Crud\app\Controllers\Home.php(137): CodeIgniter\Model->insert(Array)
#8 D:\laragon\www\Crud\system\CodeIgniter.php(919): App\Controllers\Home->actioninsert()
#9 D:\laragon\www\Crud\system\CodeIgniter.php(494): CodeIgniter\CodeIgniter->runController(Object(App\Controllers\Home))
#10 D:\laragon\www\Crud\system\CodeIgniter.php(353): CodeIgniter\CodeIgniter->handleRequest(NULL, Object(Config\Cache), false)
#11 D:\laragon\www\Crud\public\index.php(79): CodeIgniter\CodeIgniter->run()
#12 D:\laragon\www\Crud\system\Commands\Server\rewrite.php(47): require_once('D:\\laragon\\www\\...')
#13 {main}
CRITICAL - 2023-09-22 14:18:38 --> Cannot add or update a child row: a foreign key constraint fails (`productionmodel`.`table_prod`, CONSTRAINT `table_prod_ibfk_1` FOREIGN KEY (`ProductCategory`) REFERENCES `table_category` (`id`) ON DELETE RESTRICT ON UPDATE RESTRICT)
in SYSTEMPATH\Database\BaseConnection.php on line 646.
 1 SYSTEMPATH\Database\BaseBuilder.php(2308): CodeIgniter\Database\BaseConnection->query('INSERT INTO `table_prod` (`ProductName`, `ProductDescription`, `Price`, `Quantity`) VALUES (:ProductName:, :ProductDescription:, :Price:, :Quantity:)', [...], false)
 2 SYSTEMPATH\Model.php(319): CodeIgniter\Database\BaseBuilder->insert()
 3 SYSTEMPATH\BaseModel.php(788): CodeIgniter\Model->doInsert([...])
 4 SYSTEMPATH\Model.php(715): CodeIgniter\BaseModel->insert([...], true)
 5 APPPATH\Controllers\Home.php(137): CodeIgniter\Model->insert([...])
 6 SYSTEMPATH\CodeIgniter.php(919): App\Controllers\Home->actioninsert()
 7 SYSTEMPATH\CodeIgniter.php(494): CodeIgniter\CodeIgniter->runController(Object(App\Controllers\Home))
 8 SYSTEMPATH\CodeIgniter.php(353): CodeIgniter\CodeIgniter->handleRequest(null, Object(Config\Cache), false)
 9 FCPATH\index.php(79): CodeIgniter\CodeIgniter->run()
10 SYSTEMPATH\Commands\Server\rewrite.php(47): require_once('D:\\laragon\\www\\Crud\\public\\index.php')
ERROR - 2023-09-22 14:18:40 --> mysqli_sql_exception: Cannot add or update a child row: a foreign key constraint fails (`productionmodel`.`table_prod`, CONSTRAINT `table_prod_ibfk_1` FOREIGN KEY (`ProductCategory`) REFERENCES `table_category` (`id`) ON DELETE RESTRICT ON UPDATE RESTRICT) in D:\laragon\www\Crud\system\Database\MySQLi\Connection.php:306
Stack trace:
#0 D:\laragon\www\Crud\system\Database\MySQLi\Connection.php(306): mysqli->query('INSERT INTO `ta...', 0)
#1 D:\laragon\www\Crud\system\Database\BaseConnection.php(692): CodeIgniter\Database\MySQLi\Connection->execute('INSERT INTO `ta...')
#2 D:\laragon\www\Crud\system\Database\BaseConnection.php(606): CodeIgniter\Database\BaseConnection->simpleQuery('INSERT INTO `ta...')
#3 D:\laragon\www\Crud\system\Database\BaseBuilder.php(2308): CodeIgniter\Database\BaseConnection->query('INSERT INTO `ta...', Array, false)
#4 D:\laragon\www\Crud\system\Model.php(319): CodeIgniter\Database\BaseBuilder->insert()
#5 D:\laragon\www\Crud\system\BaseModel.php(788): CodeIgniter\Model->doInsert(Array)
#6 D:\laragon\www\Crud\system\Model.php(715): CodeIgniter\BaseModel->insert(Array, true)
#7 D:\laragon\www\Crud\app\Controllers\Home.php(137): CodeIgniter\Model->insert(Array)
#8 D:\laragon\www\Crud\system\CodeIgniter.php(919): App\Controllers\Home->actioninsert()
#9 D:\laragon\www\Crud\system\CodeIgniter.php(494): CodeIgniter\CodeIgniter->runController(Object(App\Controllers\Home))
#10 D:\laragon\www\Crud\system\CodeIgniter.php(353): CodeIgniter\CodeIgniter->handleRequest(NULL, Object(Config\Cache), false)
#11 D:\laragon\www\Crud\public\index.php(79): CodeIgniter\CodeIgniter->run()
#12 D:\laragon\www\Crud\system\Commands\Server\rewrite.php(47): require_once('D:\\laragon\\www\\...')
#13 {main}
CRITICAL - 2023-09-22 14:18:40 --> Cannot add or update a child row: a foreign key constraint fails (`productionmodel`.`table_prod`, CONSTRAINT `table_prod_ibfk_1` FOREIGN KEY (`ProductCategory`) REFERENCES `table_category` (`id`) ON DELETE RESTRICT ON UPDATE RESTRICT)
in SYSTEMPATH\Database\BaseConnection.php on line 646.
 1 SYSTEMPATH\Database\BaseBuilder.php(2308): CodeIgniter\Database\BaseConnection->query('INSERT INTO `table_prod` (`ProductName`, `ProductDescription`, `Price`, `Quantity`) VALUES (:ProductName:, :ProductDescription:, :Price:, :Quantity:)', [...], false)
 2 SYSTEMPATH\Model.php(319): CodeIgniter\Database\BaseBuilder->insert()
 3 SYSTEMPATH\BaseModel.php(788): CodeIgniter\Model->doInsert([...])
 4 SYSTEMPATH\Model.php(715): CodeIgniter\BaseModel->insert([...], true)
 5 APPPATH\Controllers\Home.php(137): CodeIgniter\Model->insert([...])
 6 SYSTEMPATH\CodeIgniter.php(919): App\Controllers\Home->actioninsert()
 7 SYSTEMPATH\CodeIgniter.php(494): CodeIgniter\CodeIgniter->runController(Object(App\Controllers\Home))
 8 SYSTEMPATH\CodeIgniter.php(353): CodeIgniter\CodeIgniter->handleRequest(null, Object(Config\Cache), false)
 9 FCPATH\index.php(79): CodeIgniter\CodeIgniter->run()
10 SYSTEMPATH\Commands\Server\rewrite.php(47): require_once('D:\\laragon\\www\\Crud\\public\\index.php')
ERROR - 2023-09-22 14:19:18 --> mysqli_sql_exception: Cannot add or update a child row: a foreign key constraint fails (`productionmodel`.`table_prod`, CONSTRAINT `table_prod_ibfk_1` FOREIGN KEY (`ProductCategory`) REFERENCES `table_category` (`id`)) in D:\laragon\www\Crud\system\Database\MySQLi\Connection.php:306
Stack trace:
#0 D:\laragon\www\Crud\system\Database\MySQLi\Connection.php(306): mysqli->query('INSERT INTO `ta...', 0)
#1 D:\laragon\www\Crud\system\Database\BaseConnection.php(692): CodeIgniter\Database\MySQLi\Connection->execute('INSERT INTO `ta...')
#2 D:\laragon\www\Crud\system\Database\BaseConnection.php(606): CodeIgniter\Database\BaseConnection->simpleQuery('INSERT INTO `ta...')
#3 D:\laragon\www\Crud\system\Database\BaseBuilder.php(2308): CodeIgniter\Database\BaseConnection->query('INSERT INTO `ta...', Array, false)
#4 D:\laragon\www\Crud\system\Model.php(319): CodeIgniter\Database\BaseBuilder->insert()
#5 D:\laragon\www\Crud\system\BaseModel.php(788): CodeIgniter\Model->doInsert(Array)
#6 D:\laragon\www\Crud\system\Model.php(715): CodeIgniter\BaseModel->insert(Array, true)
#7 D:\laragon\www\Crud\app\Controllers\Home.php(137): CodeIgniter\Model->insert(Array)
#8 D:\laragon\www\Crud\system\CodeIgniter.php(919): App\Controllers\Home->actioninsert()
#9 D:\laragon\www\Crud\system\CodeIgniter.php(494): CodeIgniter\CodeIgniter->runController(Object(App\Controllers\Home))
#10 D:\laragon\www\Crud\system\CodeIgniter.php(353): CodeIgniter\CodeIgniter->handleRequest(NULL, Object(Config\Cache), false)
#11 D:\laragon\www\Crud\public\index.php(79): CodeIgniter\CodeIgniter->run()
#12 D:\laragon\www\Crud\system\Commands\Server\rewrite.php(47): require_once('D:\\laragon\\www\\...')
#13 {main}
CRITICAL - 2023-09-22 14:19:18 --> Cannot add or update a child row: a foreign key constraint fails (`productionmodel`.`table_prod`, CONSTRAINT `table_prod_ibfk_1` FOREIGN KEY (`ProductCategory`) REFERENCES `table_category` (`id`))
in SYSTEMPATH\Database\BaseConnection.php on line 646.
 1 SYSTEMPATH\Database\BaseBuilder.php(2308): CodeIgniter\Database\BaseConnection->query('INSERT INTO `table_prod` (`ProductName`, `ProductDescription`, `Price`, `Quantity`) VALUES (:ProductName:, :ProductDescription:, :Price:, :Quantity:)', [...], false)
 2 SYSTEMPATH\Model.php(319): CodeIgniter\Database\BaseBuilder->insert()
 3 SYSTEMPATH\BaseModel.php(788): CodeIgniter\Model->doInsert([...])
 4 SYSTEMPATH\Model.php(715): CodeIgniter\BaseModel->insert([...], true)
 5 APPPATH\Controllers\Home.php(137): CodeIgniter\Model->insert([...])
 6 SYSTEMPATH\CodeIgniter.php(919): App\Controllers\Home->actioninsert()
 7 SYSTEMPATH\CodeIgniter.php(494): CodeIgniter\CodeIgniter->runController(Object(App\Controllers\Home))
 8 SYSTEMPATH\CodeIgniter.php(353): CodeIgniter\CodeIgniter->handleRequest(null, Object(Config\Cache), false)
 9 FCPATH\index.php(79): CodeIgniter\CodeIgniter->run()
10 SYSTEMPATH\Commands\Server\rewrite.php(47): require_once('D:\\laragon\\www\\Crud\\public\\index.php')
CRITICAL - 2023-09-22 14:23:29 --> Undefined variable $productModel
in APPPATH\Controllers\Home.php on line 137.
 1 APPPATH\Controllers\Home.php(137): CodeIgniter\Debug\Exceptions->errorHandler(2, 'Undefined variable $productModel', 'D:\\laragon\\www\\Crud\\app\\Controllers\\Home.php', 137)
 2 SYSTEMPATH\CodeIgniter.php(919): App\Controllers\Home->actioninsert()
 3 SYSTEMPATH\CodeIgniter.php(494): CodeIgniter\CodeIgniter->runController(Object(App\Controllers\Home))
 4 SYSTEMPATH\CodeIgniter.php(353): CodeIgniter\CodeIgniter->handleRequest(null, Object(Config\Cache), false)
 5 FCPATH\index.php(79): CodeIgniter\CodeIgniter->run()
 6 SYSTEMPATH\Commands\Server\rewrite.php(47): require_once('D:\\laragon\\www\\Crud\\public\\index.php')
CRITICAL - 2023-09-22 14:23:49 --> Undefined variable $productModel
in APPPATH\Controllers\Home.php on line 137.
 1 APPPATH\Controllers\Home.php(137): CodeIgniter\Debug\Exceptions->errorHandler(2, 'Undefined variable $productModel', 'D:\\laragon\\www\\Crud\\app\\Controllers\\Home.php', 137)
 2 SYSTEMPATH\CodeIgniter.php(919): App\Controllers\Home->actioninsert()
 3 SYSTEMPATH\CodeIgniter.php(494): CodeIgniter\CodeIgniter->runController(Object(App\Controllers\Home))
 4 SYSTEMPATH\CodeIgniter.php(353): CodeIgniter\CodeIgniter->handleRequest(null, Object(Config\Cache), false)
 5 FCPATH\index.php(79): CodeIgniter\CodeIgniter->run()
 6 SYSTEMPATH\Commands\Server\rewrite.php(47): require_once('D:\\laragon\\www\\Crud\\public\\index.php')
CRITICAL - 2023-09-22 14:23:57 --> Undefined variable $productModel
in APPPATH\Controllers\Home.php on line 137.
 1 APPPATH\Controllers\Home.php(137): CodeIgniter\Debug\Exceptions->errorHandler(2, 'Undefined variable $productModel', 'D:\\laragon\\www\\Crud\\app\\Controllers\\Home.php', 137)
 2 SYSTEMPATH\CodeIgniter.php(919): App\Controllers\Home->actioninsert()
 3 SYSTEMPATH\CodeIgniter.php(494): CodeIgniter\CodeIgniter->runController(Object(App\Controllers\Home))
 4 SYSTEMPATH\CodeIgniter.php(353): CodeIgniter\CodeIgniter->handleRequest(null, Object(Config\Cache), false)
 5 FCPATH\index.php(79): CodeIgniter\CodeIgniter->run()
 6 SYSTEMPATH\Commands\Server\rewrite.php(47): require_once('D:\\laragon\\www\\Crud\\public\\index.php')
ERROR - 2023-09-22 14:24:20 --> mysqli_sql_exception: Cannot add or update a child row: a foreign key constraint fails (`productionmodel`.`table_prod`, CONSTRAINT `table_prod_ibfk_1` FOREIGN KEY (`ProductCategory`) REFERENCES `table_category` (`id`)) in D:\laragon\www\Crud\system\Database\MySQLi\Connection.php:306
Stack trace:
#0 D:\laragon\www\Crud\system\Database\MySQLi\Connection.php(306): mysqli->query('INSERT INTO `ta...', 0)
#1 D:\laragon\www\Crud\system\Database\BaseConnection.php(692): CodeIgniter\Database\MySQLi\Connection->execute('INSERT INTO `ta...')
#2 D:\laragon\www\Crud\system\Database\BaseConnection.php(606): CodeIgniter\Database\BaseConnection->simpleQuery('INSERT INTO `ta...')
#3 D:\laragon\www\Crud\system\Database\BaseBuilder.php(2308): CodeIgniter\Database\BaseConnection->query('INSERT INTO `ta...', Array, false)
#4 D:\laragon\www\Crud\system\Model.php(319): CodeIgniter\Database\BaseBuilder->insert()
#5 D:\laragon\www\Crud\system\BaseModel.php(788): CodeIgniter\Model->doInsert(Array)
#6 D:\laragon\www\Crud\system\Model.php(715): CodeIgniter\BaseModel->insert(Array, true)
#7 D:\laragon\www\Crud\app\Controllers\Home.php(137): CodeIgniter\Model->insert(Array)
#8 D:\laragon\www\Crud\system\CodeIgniter.php(919): App\Controllers\Home->actioninsert()
#9 D:\laragon\www\Crud\system\CodeIgniter.php(494): CodeIgniter\CodeIgniter->runController(Object(App\Controllers\Home))
#10 D:\laragon\www\Crud\system\CodeIgniter.php(353): CodeIgniter\CodeIgniter->handleRequest(NULL, Object(Config\Cache), false)
#11 D:\laragon\www\Crud\public\index.php(79): CodeIgniter\CodeIgniter->run()
#12 D:\laragon\www\Crud\system\Commands\Server\rewrite.php(47): require_once('D:\\laragon\\www\\...')
#13 {main}
CRITICAL - 2023-09-22 14:24:20 --> Cannot add or update a child row: a foreign key constraint fails (`productionmodel`.`table_prod`, CONSTRAINT `table_prod_ibfk_1` FOREIGN KEY (`ProductCategory`) REFERENCES `table_category` (`id`))
in SYSTEMPATH\Database\BaseConnection.php on line 646.
 1 SYSTEMPATH\Database\BaseBuilder.php(2308): CodeIgniter\Database\BaseConnection->query('INSERT INTO `table_prod` (`ProductName`, `ProductDescription`, `Price`, `Quantity`) VALUES (:ProductName:, :ProductDescription:, :Price:, :Quantity:)', [...], false)
 2 SYSTEMPATH\Model.php(319): CodeIgniter\Database\BaseBuilder->insert()
 3 SYSTEMPATH\BaseModel.php(788): CodeIgniter\Model->doInsert([...])
 4 SYSTEMPATH\Model.php(715): CodeIgniter\BaseModel->insert([...], true)
 5 APPPATH\Controllers\Home.php(137): CodeIgniter\Model->insert([...])
 6 SYSTEMPATH\CodeIgniter.php(919): App\Controllers\Home->actioninsert()
 7 SYSTEMPATH\CodeIgniter.php(494): CodeIgniter\CodeIgniter->runController(Object(App\Controllers\Home))
 8 SYSTEMPATH\CodeIgniter.php(353): CodeIgniter\CodeIgniter->handleRequest(null, Object(Config\Cache), false)
 9 FCPATH\index.php(79): CodeIgniter\CodeIgniter->run()
10 SYSTEMPATH\Commands\Server\rewrite.php(47): require_once('D:\\laragon\\www\\Crud\\public\\index.php')
ERROR - 2023-09-22 14:24:51 --> mysqli_sql_exception: Cannot add or update a child row: a foreign key constraint fails (`productionmodel`.`table_prod`, CONSTRAINT `table_prod_ibfk_1` FOREIGN KEY (`ProductCategory`) REFERENCES `table_category` (`id`)) in D:\laragon\www\Crud\system\Database\MySQLi\Connection.php:306
Stack trace:
#0 D:\laragon\www\Crud\system\Database\MySQLi\Connection.php(306): mysqli->query('INSERT INTO `ta...', 0)
#1 D:\laragon\www\Crud\system\Database\BaseConnection.php(692): CodeIgniter\Database\MySQLi\Connection->execute('INSERT INTO `ta...')
#2 D:\laragon\www\Crud\system\Database\BaseConnection.php(606): CodeIgniter\Database\BaseConnection->simpleQuery('INSERT INTO `ta...')
#3 D:\laragon\www\Crud\system\Database\BaseBuilder.php(2308): CodeIgniter\Database\BaseConnection->query('INSERT INTO `ta...', Array, false)
#4 D:\laragon\www\Crud\system\Model.php(319): CodeIgniter\Database\BaseBuilder->insert()
#5 D:\laragon\www\Crud\system\BaseModel.php(788): CodeIgniter\Model->doInsert(Array)
#6 D:\laragon\www\Crud\system\Model.php(715): CodeIgniter\BaseModel->insert(Array, true)
#7 D:\laragon\www\Crud\app\Controllers\Home.php(137): CodeIgniter\Model->insert(Array)
#8 D:\laragon\www\Crud\system\CodeIgniter.php(919): App\Controllers\Home->actioninsert()
#9 D:\laragon\www\Crud\system\CodeIgniter.php(494): CodeIgniter\CodeIgniter->runController(Object(App\Controllers\Home))
#10 D:\laragon\www\Crud\system\CodeIgniter.php(353): CodeIgniter\CodeIgniter->handleRequest(NULL, Object(Config\Cache), false)
#11 D:\laragon\www\Crud\public\index.php(79): CodeIgniter\CodeIgniter->run()
#12 D:\laragon\www\Crud\system\Commands\Server\rewrite.php(47): require_once('D:\\laragon\\www\\...')
#13 {main}
CRITICAL - 2023-09-22 14:24:51 --> Cannot add or update a child row: a foreign key constraint fails (`productionmodel`.`table_prod`, CONSTRAINT `table_prod_ibfk_1` FOREIGN KEY (`ProductCategory`) REFERENCES `table_category` (`id`))
in SYSTEMPATH\Database\BaseConnection.php on line 646.
 1 SYSTEMPATH\Database\BaseBuilder.php(2308): CodeIgniter\Database\BaseConnection->query('INSERT INTO `table_prod` (`ProductName`, `ProductDescription`, `Price`, `Quantity`) VALUES (:ProductName:, :ProductDescription:, :Price:, :Quantity:)', [...], false)
 2 SYSTEMPATH\Model.php(319): CodeIgniter\Database\BaseBuilder->insert()
 3 SYSTEMPATH\BaseModel.php(788): CodeIgniter\Model->doInsert([...])
 4 SYSTEMPATH\Model.php(715): CodeIgniter\BaseModel->insert([...], true)
 5 APPPATH\Controllers\Home.php(137): CodeIgniter\Model->insert([...])
 6 SYSTEMPATH\CodeIgniter.php(919): App\Controllers\Home->actioninsert()
 7 SYSTEMPATH\CodeIgniter.php(494): CodeIgniter\CodeIgniter->runController(Object(App\Controllers\Home))
 8 SYSTEMPATH\CodeIgniter.php(353): CodeIgniter\CodeIgniter->handleRequest(null, Object(Config\Cache), false)
 9 FCPATH\index.php(79): CodeIgniter\CodeIgniter->run()
10 SYSTEMPATH\Commands\Server\rewrite.php(47): require_once('D:\\laragon\\www\\Crud\\public\\index.php')
CRITICAL - 2023-09-22 14:29:36 --> syntax error, unexpected token "public"
in APPPATH\Controllers\Home.php on line 122.
 1 SYSTEMPATH\Autoloader\Autoloader.php(285): CodeIgniter\Autoloader\Autoloader->includeFile('D:\\laragon\\www\\Crud\\app\\Controllers\\Home.php')
 2 SYSTEMPATH\Autoloader\Autoloader.php(263): CodeIgniter\Autoloader\Autoloader->loadInNamespace('App\\Controllers\\Home')
 3 [internal function]: CodeIgniter\Autoloader\Autoloader->loadClass('App\\Controllers\\Home')
 4 SYSTEMPATH\CodeIgniter.php(877): class_exists('\\App\\Controllers\\Home', true)
 5 SYSTEMPATH\CodeIgniter.php(481): CodeIgniter\CodeIgniter->startController()
 6 SYSTEMPATH\CodeIgniter.php(353): CodeIgniter\CodeIgniter->handleRequest(null, Object(Config\Cache), false)
 7 FCPATH\index.php(79): CodeIgniter\CodeIgniter->run()
 8 SYSTEMPATH\Commands\Server\rewrite.php(47): require_once('D:\\laragon\\www\\Crud\\public\\index.php')
CRITICAL - 2023-09-22 14:29:59 --> Class "App\Controllers\CategoryModel" not found
in APPPATH\Controllers\Home.php on line 129.
 1 SYSTEMPATH\CodeIgniter.php(919): App\Controllers\Home->actioninsert()
 2 SYSTEMPATH\CodeIgniter.php(494): CodeIgniter\CodeIgniter->runController(Object(App\Controllers\Home))
 3 SYSTEMPATH\CodeIgniter.php(353): CodeIgniter\CodeIgniter->handleRequest(null, Object(Config\Cache), false)
 4 FCPATH\index.php(79): CodeIgniter\CodeIgniter->run()
 5 SYSTEMPATH\Commands\Server\rewrite.php(47): require_once('D:\\laragon\\www\\Crud\\public\\index.php')
CRITICAL - 2023-09-22 14:30:57 --> Class "App\Controllers\CategorytModel" not found
in APPPATH\Controllers\Home.php on line 129.
 1 SYSTEMPATH\CodeIgniter.php(919): App\Controllers\Home->actioninsert()
 2 SYSTEMPATH\CodeIgniter.php(494): CodeIgniter\CodeIgniter->runController(Object(App\Controllers\Home))
 3 SYSTEMPATH\CodeIgniter.php(353): CodeIgniter\CodeIgniter->handleRequest(null, Object(Config\Cache), false)
 4 FCPATH\index.php(79): CodeIgniter\CodeIgniter->run()
 5 SYSTEMPATH\Commands\Server\rewrite.php(47): require_once('D:\\laragon\\www\\Crud\\public\\index.php')
ERROR - 2023-09-22 14:31:58 --> mysqli_sql_exception: Cannot add or update a child row: a foreign key constraint fails (`productionmodel`.`table_prod`, CONSTRAINT `table_prod_ibfk_1` FOREIGN KEY (`ProductCategory`) REFERENCES `table_category` (`id`)) in D:\laragon\www\Crud\system\Database\MySQLi\Connection.php:306
Stack trace:
#0 D:\laragon\www\Crud\system\Database\MySQLi\Connection.php(306): mysqli->query('INSERT INTO `ta...', 0)
#1 D:\laragon\www\Crud\system\Database\BaseConnection.php(692): CodeIgniter\Database\MySQLi\Connection->execute('INSERT INTO `ta...')
#2 D:\laragon\www\Crud\system\Database\BaseConnection.php(606): CodeIgniter\Database\BaseConnection->simpleQuery('INSERT INTO `ta...')
#3 D:\laragon\www\Crud\system\Database\BaseBuilder.php(2308): CodeIgniter\Database\BaseConnection->query('INSERT INTO `ta...', Array, false)
#4 D:\laragon\www\Crud\system\Model.php(319): CodeIgniter\Database\BaseBuilder->insert()
#5 D:\laragon\www\Crud\system\BaseModel.php(788): CodeIgniter\Model->doInsert(Array)
#6 D:\laragon\www\Crud\system\Model.php(715): CodeIgniter\BaseModel->insert(Array, true)
#7 D:\laragon\www\Crud\app\Controllers\Home.php(148): CodeIgniter\Model->insert(Array)
#8 D:\laragon\www\Crud\system\CodeIgniter.php(919): App\Controllers\Home->actioninsert()
#9 D:\laragon\www\Crud\system\CodeIgniter.php(494): CodeIgniter\CodeIgniter->runController(Object(App\Controllers\Home))
#10 D:\laragon\www\Crud\system\CodeIgniter.php(353): CodeIgniter\CodeIgniter->handleRequest(NULL, Object(Config\Cache), false)
#11 D:\laragon\www\Crud\public\index.php(79): CodeIgniter\CodeIgniter->run()
#12 D:\laragon\www\Crud\system\Commands\Server\rewrite.php(47): require_once('D:\\laragon\\www\\...')
#13 {main}
CRITICAL - 2023-09-22 14:31:58 --> Cannot add or update a child row: a foreign key constraint fails (`productionmodel`.`table_prod`, CONSTRAINT `table_prod_ibfk_1` FOREIGN KEY (`ProductCategory`) REFERENCES `table_category` (`id`))
in SYSTEMPATH\Database\BaseConnection.php on line 646.
 1 SYSTEMPATH\Database\BaseBuilder.php(2308): CodeIgniter\Database\BaseConnection->query('INSERT INTO `table_prod` (`ProductName`, `ProductDescription`, `ProductCategory`, `Price`, `Quantity`) VALUES (:ProductName:, :ProductDescription:, :ProductCategory:, :Price:, :Quantity:)', [...], false)
 2 SYSTEMPATH\Model.php(319): CodeIgniter\Database\BaseBuilder->insert()
 3 SYSTEMPATH\BaseModel.php(788): CodeIgniter\Model->doInsert([...])
 4 SYSTEMPATH\Model.php(715): CodeIgniter\BaseModel->insert([...], true)
 5 APPPATH\Controllers\Home.php(148): CodeIgniter\Model->insert([...])
 6 SYSTEMPATH\CodeIgniter.php(919): App\Controllers\Home->actioninsert()
 7 SYSTEMPATH\CodeIgniter.php(494): CodeIgniter\CodeIgniter->runController(Object(App\Controllers\Home))
 8 SYSTEMPATH\CodeIgniter.php(353): CodeIgniter\CodeIgniter->handleRequest(null, Object(Config\Cache), false)
 9 FCPATH\index.php(79): CodeIgniter\CodeIgniter->run()
10 SYSTEMPATH\Commands\Server\rewrite.php(47): require_once('D:\\laragon\\www\\Crud\\public\\index.php')
