CRITICAL - 2023-09-16 22:21:45 --> Undefined variable $id
in APPPATH\Views\Mainpage.php on line 9.
 1 APPPATH\Views\Mainpage.php(9): CodeIgniter\Debug\Exceptions->errorHandler(2, 'Undefined variable $id', 'D:\\laragon\\www\\Crud\\app\\Views\\Mainpage.php', 9)
 2 SYSTEMPATH\View\View.php(226): include('D:\\laragon\\www\\Crud\\app\\Views\\Mainpage.php')
 3 SYSTEMPATH\View\View.php(229): CodeIgniter\View\View->CodeIgniter\View\{closure}()
 4 SYSTEMPATH\Common.php(1188): CodeIgniter\View\View->render('Mainpage', [], true)
 5 APPPATH\Controllers\Home.php(13): view('Mainpage')
 6 SYSTEMPATH\CodeIgniter.php(919): App\Controllers\Home->Homepage()
 7 SYSTEMPATH\CodeIgniter.php(494): CodeIgniter\CodeIgniter->runController(Object(App\Controllers\Home))
 8 SYSTEMPATH\CodeIgniter.php(353): CodeIgniter\CodeIgniter->handleRequest(null, Object(Config\Cache), false)
 9 FCPATH\index.php(79): CodeIgniter\CodeIgniter->run()
10 SYSTEMPATH\Commands\Server\rewrite.php(47): require_once('D:\\laragon\\www\\Crud\\public\\index.php')
CRITICAL - 2023-09-16 22:22:06 --> Undefined variable $id
in APPPATH\Views\Mainpage.php on line 9.
 1 APPPATH\Views\Mainpage.php(9): CodeIgniter\Debug\Exceptions->errorHandler(2, 'Undefined variable $id', 'D:\\laragon\\www\\Crud\\app\\Views\\Mainpage.php', 9)
 2 SYSTEMPATH\View\View.php(226): include('D:\\laragon\\www\\Crud\\app\\Views\\Mainpage.php')
 3 SYSTEMPATH\View\View.php(229): CodeIgniter\View\View->CodeIgniter\View\{closure}()
 4 SYSTEMPATH\Common.php(1188): CodeIgniter\View\View->render('Mainpage', [], true)
 5 APPPATH\Controllers\Home.php(13): view('Mainpage')
 6 SYSTEMPATH\CodeIgniter.php(919): App\Controllers\Home->Homepage()
 7 SYSTEMPATH\CodeIgniter.php(494): CodeIgniter\CodeIgniter->runController(Object(App\Controllers\Home))
 8 SYSTEMPATH\CodeIgniter.php(353): CodeIgniter\CodeIgniter->handleRequest(null, Object(Config\Cache), false)
 9 FCPATH\index.php(79): CodeIgniter\CodeIgniter->run()
10 SYSTEMPATH\Commands\Server\rewrite.php(47): require_once('D:\\laragon\\www\\Crud\\public\\index.php')
CRITICAL - 2023-09-16 22:22:07 --> Undefined variable $id
in APPPATH\Views\Mainpage.php on line 9.
 1 APPPATH\Views\Mainpage.php(9): CodeIgniter\Debug\Exceptions->errorHandler(2, 'Undefined variable $id', 'D:\\laragon\\www\\Crud\\app\\Views\\Mainpage.php', 9)
 2 SYSTEMPATH\View\View.php(226): include('D:\\laragon\\www\\Crud\\app\\Views\\Mainpage.php')
 3 SYSTEMPATH\View\View.php(229): CodeIgniter\View\View->CodeIgniter\View\{closure}()
 4 SYSTEMPATH\Common.php(1188): CodeIgniter\View\View->render('Mainpage', [], true)
 5 APPPATH\Controllers\Home.php(13): view('Mainpage')
 6 SYSTEMPATH\CodeIgniter.php(919): App\Controllers\Home->Homepage()
 7 SYSTEMPATH\CodeIgniter.php(494): CodeIgniter\CodeIgniter->runController(Object(App\Controllers\Home))
 8 SYSTEMPATH\CodeIgniter.php(353): CodeIgniter\CodeIgniter->handleRequest(null, Object(Config\Cache), false)
 9 FCPATH\index.php(79): CodeIgniter\CodeIgniter->run()
10 SYSTEMPATH\Commands\Server\rewrite.php(47): require_once('D:\\laragon\\www\\Crud\\public\\index.php')
CRITICAL - 2023-09-16 22:22:07 --> Undefined variable $id
in APPPATH\Views\Mainpage.php on line 9.
 1 APPPATH\Views\Mainpage.php(9): CodeIgniter\Debug\Exceptions->errorHandler(2, 'Undefined variable $id', 'D:\\laragon\\www\\Crud\\app\\Views\\Mainpage.php', 9)
 2 SYSTEMPATH\View\View.php(226): include('D:\\laragon\\www\\Crud\\app\\Views\\Mainpage.php')
 3 SYSTEMPATH\View\View.php(229): CodeIgniter\View\View->CodeIgniter\View\{closure}()
 4 SYSTEMPATH\Common.php(1188): CodeIgniter\View\View->render('Mainpage', [], true)
 5 APPPATH\Controllers\Home.php(13): view('Mainpage')
 6 SYSTEMPATH\CodeIgniter.php(919): App\Controllers\Home->Homepage()
 7 SYSTEMPATH\CodeIgniter.php(494): CodeIgniter\CodeIgniter->runController(Object(App\Controllers\Home))
 8 SYSTEMPATH\CodeIgniter.php(353): CodeIgniter\CodeIgniter->handleRequest(null, Object(Config\Cache), false)
 9 FCPATH\index.php(79): CodeIgniter\CodeIgniter->run()
10 SYSTEMPATH\Commands\Server\rewrite.php(47): require_once('D:\\laragon\\www\\Crud\\public\\index.php')
CRITICAL - 2023-09-16 23:35:16 --> Class "CodeIgniter\Models" not found
in APPPATH\Models\product.php on line 6.
 1 SYSTEMPATH\Autoloader\Autoloader.php(306): include_once()
 2 SYSTEMPATH\Autoloader\Autoloader.php(285): CodeIgniter\Autoloader\Autoloader->includeFile('D:\\laragon\\www\\Crud\\app\\Models\\product.php')
 3 SYSTEMPATH\Autoloader\Autoloader.php(263): CodeIgniter\Autoloader\Autoloader->loadInNamespace('App\\Models\\product')
 4 APPPATH\Controllers\Home.php(27): CodeIgniter\Autoloader\Autoloader->loadClass('App\\Models\\product')
 5 SYSTEMPATH\CodeIgniter.php(919): App\Controllers\Home->actioninsert()
 6 SYSTEMPATH\CodeIgniter.php(494): CodeIgniter\CodeIgniter->runController(Object(App\Controllers\Home))
 7 SYSTEMPATH\CodeIgniter.php(353): CodeIgniter\CodeIgniter->handleRequest(null, Object(Config\Cache), false)
 8 FCPATH\index.php(79): CodeIgniter\CodeIgniter->run()
 9 SYSTEMPATH\Commands\Server\rewrite.php(47): require_once('D:\\laragon\\www\\Crud\\public\\index.php')
CRITICAL - 2023-09-16 23:36:25 --> Class "CodeIgniter\Models" not found
in APPPATH\Models\product.php on line 6.
 1 SYSTEMPATH\Autoloader\Autoloader.php(306): include_once()
 2 SYSTEMPATH\Autoloader\Autoloader.php(285): CodeIgniter\Autoloader\Autoloader->includeFile('D:\\laragon\\www\\Crud\\app\\Models\\product.php')
 3 SYSTEMPATH\Autoloader\Autoloader.php(263): CodeIgniter\Autoloader\Autoloader->loadInNamespace('App\\Models\\product')
 4 APPPATH\Controllers\Home.php(27): CodeIgniter\Autoloader\Autoloader->loadClass('App\\Models\\product')
 5 SYSTEMPATH\CodeIgniter.php(919): App\Controllers\Home->actioninsert()
 6 SYSTEMPATH\CodeIgniter.php(494): CodeIgniter\CodeIgniter->runController(Object(App\Controllers\Home))
 7 SYSTEMPATH\CodeIgniter.php(353): CodeIgniter\CodeIgniter->handleRequest(null, Object(Config\Cache), false)
 8 FCPATH\index.php(79): CodeIgniter\CodeIgniter->run()
 9 SYSTEMPATH\Commands\Server\rewrite.php(47): require_once('D:\\laragon\\www\\Crud\\public\\index.php')
CRITICAL - 2023-09-16 23:36:28 --> Class "CodeIgniter\Models" not found
in APPPATH\Models\product.php on line 6.
 1 SYSTEMPATH\Autoloader\Autoloader.php(306): include_once()
 2 SYSTEMPATH\Autoloader\Autoloader.php(285): CodeIgniter\Autoloader\Autoloader->includeFile('D:\\laragon\\www\\Crud\\app\\Models\\product.php')
 3 SYSTEMPATH\Autoloader\Autoloader.php(263): CodeIgniter\Autoloader\Autoloader->loadInNamespace('App\\Models\\product')
 4 APPPATH\Controllers\Home.php(27): CodeIgniter\Autoloader\Autoloader->loadClass('App\\Models\\product')
 5 SYSTEMPATH\CodeIgniter.php(919): App\Controllers\Home->actioninsert()
 6 SYSTEMPATH\CodeIgniter.php(494): CodeIgniter\CodeIgniter->runController(Object(App\Controllers\Home))
 7 SYSTEMPATH\CodeIgniter.php(353): CodeIgniter\CodeIgniter->handleRequest(null, Object(Config\Cache), false)
 8 FCPATH\index.php(79): CodeIgniter\CodeIgniter->run()
 9 SYSTEMPATH\Commands\Server\rewrite.php(47): require_once('D:\\laragon\\www\\Crud\\public\\index.php')
CRITICAL - 2023-09-16 23:43:52 --> Class "CodeIgniter\Models" not found
in APPPATH\Models\product.php on line 6.
 1 SYSTEMPATH\Autoloader\Autoloader.php(306): include_once()
 2 SYSTEMPATH\Autoloader\Autoloader.php(285): CodeIgniter\Autoloader\Autoloader->includeFile('D:\\laragon\\www\\Crud\\app\\Models\\product.php')
 3 SYSTEMPATH\Autoloader\Autoloader.php(263): CodeIgniter\Autoloader\Autoloader->loadInNamespace('App\\Models\\product')
 4 APPPATH\Controllers\Home.php(27): CodeIgniter\Autoloader\Autoloader->loadClass('App\\Models\\product')
 5 SYSTEMPATH\CodeIgniter.php(919): App\Controllers\Home->actioninsert()
 6 SYSTEMPATH\CodeIgniter.php(494): CodeIgniter\CodeIgniter->runController(Object(App\Controllers\Home))
 7 SYSTEMPATH\CodeIgniter.php(353): CodeIgniter\CodeIgniter->handleRequest(null, Object(Config\Cache), false)
 8 FCPATH\index.php(79): CodeIgniter\CodeIgniter->run()
 9 SYSTEMPATH\Commands\Server\rewrite.php(47): require_once('D:\\laragon\\www\\Crud\\public\\index.php')
CRITICAL - 2023-09-16 23:43:57 --> Class "CodeIgniter\Models" not found
in APPPATH\Models\product.php on line 6.
 1 SYSTEMPATH\Autoloader\Autoloader.php(306): include_once()
 2 SYSTEMPATH\Autoloader\Autoloader.php(285): CodeIgniter\Autoloader\Autoloader->includeFile('D:\\laragon\\www\\Crud\\app\\Models\\product.php')
 3 SYSTEMPATH\Autoloader\Autoloader.php(263): CodeIgniter\Autoloader\Autoloader->loadInNamespace('App\\Models\\product')
 4 APPPATH\Controllers\Home.php(27): CodeIgniter\Autoloader\Autoloader->loadClass('App\\Models\\product')
 5 SYSTEMPATH\CodeIgniter.php(919): App\Controllers\Home->actioninsert()
 6 SYSTEMPATH\CodeIgniter.php(494): CodeIgniter\CodeIgniter->runController(Object(App\Controllers\Home))
 7 SYSTEMPATH\CodeIgniter.php(353): CodeIgniter\CodeIgniter->handleRequest(null, Object(Config\Cache), false)
 8 FCPATH\index.php(79): CodeIgniter\CodeIgniter->run()
 9 SYSTEMPATH\Commands\Server\rewrite.php(47): require_once('D:\\laragon\\www\\Crud\\public\\index.php')
CRITICAL - 2023-09-16 23:44:20 --> Class "CodeIgniter\Models" not found
in APPPATH\Models\product.php on line 6.
 1 SYSTEMPATH\Autoloader\Autoloader.php(306): include_once()
 2 SYSTEMPATH\Autoloader\Autoloader.php(285): CodeIgniter\Autoloader\Autoloader->includeFile('D:\\laragon\\www\\Crud\\app\\Models\\product.php')
 3 SYSTEMPATH\Autoloader\Autoloader.php(263): CodeIgniter\Autoloader\Autoloader->loadInNamespace('App\\Models\\product')
 4 APPPATH\Controllers\Home.php(27): CodeIgniter\Autoloader\Autoloader->loadClass('App\\Models\\product')
 5 SYSTEMPATH\CodeIgniter.php(919): App\Controllers\Home->actioninsert()
 6 SYSTEMPATH\CodeIgniter.php(494): CodeIgniter\CodeIgniter->runController(Object(App\Controllers\Home))
 7 SYSTEMPATH\CodeIgniter.php(353): CodeIgniter\CodeIgniter->handleRequest(null, Object(Config\Cache), false)
 8 FCPATH\index.php(79): CodeIgniter\CodeIgniter->run()
 9 SYSTEMPATH\Commands\Server\rewrite.php(47): require_once('D:\\laragon\\www\\Crud\\public\\index.php')
CRITICAL - 2023-09-16 23:44:32 --> Class "CodeIgniter\Models" not found
in APPPATH\Models\product.php on line 6.
 1 SYSTEMPATH\Autoloader\Autoloader.php(306): include_once()
 2 SYSTEMPATH\Autoloader\Autoloader.php(285): CodeIgniter\Autoloader\Autoloader->includeFile('D:\\laragon\\www\\Crud\\app\\Models\\product.php')
 3 SYSTEMPATH\Autoloader\Autoloader.php(263): CodeIgniter\Autoloader\Autoloader->loadInNamespace('App\\Models\\product')
 4 APPPATH\Controllers\Home.php(27): CodeIgniter\Autoloader\Autoloader->loadClass('App\\Models\\product')
 5 SYSTEMPATH\CodeIgniter.php(919): App\Controllers\Home->actioninsert()
 6 SYSTEMPATH\CodeIgniter.php(494): CodeIgniter\CodeIgniter->runController(Object(App\Controllers\Home))
 7 SYSTEMPATH\CodeIgniter.php(353): CodeIgniter\CodeIgniter->handleRequest(null, Object(Config\Cache), false)
 8 FCPATH\index.php(79): CodeIgniter\CodeIgniter->run()
 9 SYSTEMPATH\Commands\Server\rewrite.php(47): require_once('D:\\laragon\\www\\Crud\\public\\index.php')
CRITICAL - 2023-09-16 23:51:32 --> Class "CodeIgniter\Models" not found
in APPPATH\Models\product.php on line 6.
 1 SYSTEMPATH\Autoloader\Autoloader.php(306): include_once()
 2 SYSTEMPATH\Autoloader\Autoloader.php(285): CodeIgniter\Autoloader\Autoloader->includeFile('D:\\laragon\\www\\Crud\\app\\Models\\product.php')
 3 SYSTEMPATH\Autoloader\Autoloader.php(263): CodeIgniter\Autoloader\Autoloader->loadInNamespace('App\\Models\\product')
 4 APPPATH\Controllers\Home.php(27): CodeIgniter\Autoloader\Autoloader->loadClass('App\\Models\\product')
 5 SYSTEMPATH\CodeIgniter.php(919): App\Controllers\Home->actioninsert()
 6 SYSTEMPATH\CodeIgniter.php(494): CodeIgniter\CodeIgniter->runController(Object(App\Controllers\Home))
 7 SYSTEMPATH\CodeIgniter.php(353): CodeIgniter\CodeIgniter->handleRequest(null, Object(Config\Cache), false)
 8 FCPATH\index.php(79): CodeIgniter\CodeIgniter->run()
 9 SYSTEMPATH\Commands\Server\rewrite.php(47): require_once('D:\\laragon\\www\\Crud\\public\\index.php')
CRITICAL - 2023-09-16 23:52:45 --> Class "App\Controllers\products" not found
in APPPATH\Controllers\Home.php on line 27.
 1 SYSTEMPATH\CodeIgniter.php(919): App\Controllers\Home->actioninsert()
 2 SYSTEMPATH\CodeIgniter.php(494): CodeIgniter\CodeIgniter->runController(Object(App\Controllers\Home))
 3 SYSTEMPATH\CodeIgniter.php(353): CodeIgniter\CodeIgniter->handleRequest(null, Object(Config\Cache), false)
 4 FCPATH\index.php(79): CodeIgniter\CodeIgniter->run()
 5 SYSTEMPATH\Commands\Server\rewrite.php(47): require_once('D:\\laragon\\www\\Crud\\public\\index.php')
CRITICAL - 2023-09-16 23:52:47 --> Class "App\Controllers\products" not found
in APPPATH\Controllers\Home.php on line 27.
 1 SYSTEMPATH\CodeIgniter.php(919): App\Controllers\Home->actioninsert()
 2 SYSTEMPATH\CodeIgniter.php(494): CodeIgniter\CodeIgniter->runController(Object(App\Controllers\Home))
 3 SYSTEMPATH\CodeIgniter.php(353): CodeIgniter\CodeIgniter->handleRequest(null, Object(Config\Cache), false)
 4 FCPATH\index.php(79): CodeIgniter\CodeIgniter->run()
 5 SYSTEMPATH\Commands\Server\rewrite.php(47): require_once('D:\\laragon\\www\\Crud\\public\\index.php')
CRITICAL - 2023-09-16 23:52:52 --> Class "App\Controllers\products" not found
in APPPATH\Controllers\Home.php on line 27.
 1 SYSTEMPATH\CodeIgniter.php(919): App\Controllers\Home->actioninsert()
 2 SYSTEMPATH\CodeIgniter.php(494): CodeIgniter\CodeIgniter->runController(Object(App\Controllers\Home))
 3 SYSTEMPATH\CodeIgniter.php(353): CodeIgniter\CodeIgniter->handleRequest(null, Object(Config\Cache), false)
 4 FCPATH\index.php(79): CodeIgniter\CodeIgniter->run()
 5 SYSTEMPATH\Commands\Server\rewrite.php(47): require_once('D:\\laragon\\www\\Crud\\public\\index.php')
CRITICAL - 2023-09-16 23:55:05 --> Class "CodeIgniter\Models" not found
in APPPATH\Models\products.php on line 6.
 1 SYSTEMPATH\Autoloader\Autoloader.php(306): include_once()
 2 SYSTEMPATH\Autoloader\Autoloader.php(285): CodeIgniter\Autoloader\Autoloader->includeFile('D:\\laragon\\www\\Crud\\app\\Models\\products.php')
 3 SYSTEMPATH\Autoloader\Autoloader.php(263): CodeIgniter\Autoloader\Autoloader->loadInNamespace('App\\Models\\products')
 4 APPPATH\Controllers\Home.php(27): CodeIgniter\Autoloader\Autoloader->loadClass('App\\Models\\products')
 5 SYSTEMPATH\CodeIgniter.php(919): App\Controllers\Home->actioninsert()
 6 SYSTEMPATH\CodeIgniter.php(494): CodeIgniter\CodeIgniter->runController(Object(App\Controllers\Home))
 7 SYSTEMPATH\CodeIgniter.php(353): CodeIgniter\CodeIgniter->handleRequest(null, Object(Config\Cache), false)
 8 FCPATH\index.php(79): CodeIgniter\CodeIgniter->run()
 9 SYSTEMPATH\Commands\Server\rewrite.php(47): require_once('D:\\laragon\\www\\Crud\\public\\index.php')
CRITICAL - 2023-09-16 23:55:07 --> Class "CodeIgniter\Models" not found
in APPPATH\Models\products.php on line 6.
 1 SYSTEMPATH\Autoloader\Autoloader.php(306): include_once()
 2 SYSTEMPATH\Autoloader\Autoloader.php(285): CodeIgniter\Autoloader\Autoloader->includeFile('D:\\laragon\\www\\Crud\\app\\Models\\products.php')
 3 SYSTEMPATH\Autoloader\Autoloader.php(263): CodeIgniter\Autoloader\Autoloader->loadInNamespace('App\\Models\\products')
 4 APPPATH\Controllers\Home.php(27): CodeIgniter\Autoloader\Autoloader->loadClass('App\\Models\\products')
 5 SYSTEMPATH\CodeIgniter.php(919): App\Controllers\Home->actioninsert()
 6 SYSTEMPATH\CodeIgniter.php(494): CodeIgniter\CodeIgniter->runController(Object(App\Controllers\Home))
 7 SYSTEMPATH\CodeIgniter.php(353): CodeIgniter\CodeIgniter->handleRequest(null, Object(Config\Cache), false)
 8 FCPATH\index.php(79): CodeIgniter\CodeIgniter->run()
 9 SYSTEMPATH\Commands\Server\rewrite.php(47): require_once('D:\\laragon\\www\\Crud\\public\\index.php')
CRITICAL - 2023-09-16 23:56:00 --> Class "CodeIgniter\Models" not found
in APPPATH\Models\products.php on line 6.
 1 SYSTEMPATH\Autoloader\Autoloader.php(306): include_once()
 2 SYSTEMPATH\Autoloader\Autoloader.php(285): CodeIgniter\Autoloader\Autoloader->includeFile('D:\\laragon\\www\\Crud\\app\\Models\\products.php')
 3 SYSTEMPATH\Autoloader\Autoloader.php(263): CodeIgniter\Autoloader\Autoloader->loadInNamespace('App\\Models\\products')
 4 APPPATH\Controllers\Home.php(27): CodeIgniter\Autoloader\Autoloader->loadClass('App\\Models\\products')
 5 SYSTEMPATH\CodeIgniter.php(919): App\Controllers\Home->actioninsert()
 6 SYSTEMPATH\CodeIgniter.php(494): CodeIgniter\CodeIgniter->runController(Object(App\Controllers\Home))
 7 SYSTEMPATH\CodeIgniter.php(353): CodeIgniter\CodeIgniter->handleRequest(null, Object(Config\Cache), false)
 8 FCPATH\index.php(79): CodeIgniter\CodeIgniter->run()
 9 SYSTEMPATH\Commands\Server\rewrite.php(47): require_once('D:\\laragon\\www\\Crud\\public\\index.php')
